Using pre-set license
Built from '2022.3/staging' branch; Version is '2022.3.22f1 (887be4894c44) revision 8944612'; Using compiler version '192829333'; Build Type 'Release'
OS: 'Windows 10  (10.0.19045) 64bit Core' Language: 'en' Physical Memory: 40895 MB
BatchMode: 1, IsHumanControllingUs: 0, StartBugReporterOnCrash: 0, Is64bit: 1, IsPro: 1

COMMAND LINE ARGUMENTS:
C:\Program Files\Unity\Hub\Editor\2022.3.22f1\Editor\Unity.exe
-adb2
-batchMode
-noUpm
-name
AssetImportWorker0
-projectPath
E:/VR things/Chiffon
-logFile
Logs/AssetImportWorker0.log
-srvPort
62268
Successfully changed project path to: E:/VR things/Chiffon
E:/VR things/Chiffon
[UnityMemory] Configuration Parameters - Can be set up in boot.config
    "memorysetup-bucket-allocator-granularity=16"
    "memorysetup-bucket-allocator-bucket-count=8"
    "memorysetup-bucket-allocator-block-size=33554432"
    "memorysetup-bucket-allocator-block-count=8"
    "memorysetup-main-allocator-block-size=16777216"
    "memorysetup-thread-allocator-block-size=16777216"
    "memorysetup-gfx-main-allocator-block-size=16777216"
    "memorysetup-gfx-thread-allocator-block-size=16777216"
    "memorysetup-cache-allocator-block-size=4194304"
    "memorysetup-typetree-allocator-block-size=2097152"
    "memorysetup-profiler-bucket-allocator-granularity=16"
    "memorysetup-profiler-bucket-allocator-bucket-count=8"
    "memorysetup-profiler-bucket-allocator-block-size=33554432"
    "memorysetup-profiler-bucket-allocator-block-count=8"
    "memorysetup-profiler-allocator-block-size=16777216"
    "memorysetup-profiler-editor-allocator-block-size=1048576"
    "memorysetup-temp-allocator-size-main=16777216"
    "memorysetup-job-temp-allocator-block-size=2097152"
    "memorysetup-job-temp-allocator-block-size-background=1048576"
    "memorysetup-job-temp-allocator-reduction-small-platforms=262144"
    "memorysetup-allocator-temp-initial-block-size-main=262144"
    "memorysetup-allocator-temp-initial-block-size-worker=262144"
    "memorysetup-temp-allocator-size-background-worker=32768"
    "memorysetup-temp-allocator-size-job-worker=262144"
    "memorysetup-temp-allocator-size-preload-manager=33554432"
    "memorysetup-temp-allocator-size-nav-mesh-worker=65536"
    "memorysetup-temp-allocator-size-audio-worker=65536"
    "memorysetup-temp-allocator-size-cloud-worker=32768"
    "memorysetup-temp-allocator-size-gi-baking-worker=262144"
    "memorysetup-temp-allocator-size-gfx=262144"
Player connection [15052] Host "[IP] 192.168.1.67 [Port] 0 [Flags] 2 [Guid] 2916136962 [EditorId] 2916136962 [Version] 1048832 [Id] WindowsEditor(7,Nidalee) [Debug] 1 [PackageName] WindowsEditor [ProjectName] Editor" joined multi-casting on [225.0.0.222:54997]...

Player connection [15052] Host "[IP] 192.168.1.67 [Port] 0 [Flags] 2 [Guid] 2916136962 [EditorId] 2916136962 [Version] 1048832 [Id] WindowsEditor(7,Nidalee) [Debug] 1 [PackageName] WindowsEditor [ProjectName] Editor" joined alternative multi-casting on [225.0.0.222:34997]...

[Physics::Module] Initialized MultithreadedJobDispatcher with 11 workers.
Refreshing native plugins compatible for Editor in 41.41 ms, found 4 plugins.
Preloading 2 native plugins for Editor in 1.73 ms.
Initialize engine version: 2022.3.22f1 (887be4894c44)
[Subsystems] Discovering subsystems at path C:/Program Files/Unity/Hub/Editor/2022.3.22f1/Editor/Data/Resources/UnitySubsystems
[Subsystems] Discovering subsystems at path E:/VR things/Chiffon/Assets
GfxDevice: creating device client; threaded=0; jobified=0
Direct3D:
    Version:  Direct3D 11.0 [level 11.1]
    Renderer: NVIDIA GeForce GTX 1660 Ti (ID=0x2182)
    Vendor:   NVIDIA
    VRAM:     5966 MB
    Driver:   32.0.15.6094
Initialize mono
Mono path[0] = 'C:/Program Files/Unity/Hub/Editor/2022.3.22f1/Editor/Data/Managed'
Mono path[1] = 'C:/Program Files/Unity/Hub/Editor/2022.3.22f1/Editor/Data/MonoBleedingEdge/lib/mono/unityjit-win32'
Mono config path = 'C:/Program Files/Unity/Hub/Editor/2022.3.22f1/Editor/Data/MonoBleedingEdge/etc'
Using monoOptions --debugger-agent=transport=dt_socket,embedding=1,server=y,suspend=n,address=127.0.0.1:56744
Begin MonoManager ReloadAssembly
Registering precompiled unity dll's ...
Register platform support module: C:/Program Files/Unity/Hub/Editor/2022.3.22f1/Editor/Data/PlaybackEngines/WindowsStandaloneSupport/UnityEditor.WindowsStandalone.Extensions.dll
Registered in 0.017273 seconds.
- Loaded All Assemblies, in  0.477 seconds
Native extension for WindowsStandalone target not found
Mono: successfully reloaded assembly
- Finished resetting the current domain, in  0.331 seconds
Domain Reload Profiling: 804ms
	BeginReloadAssembly (145ms)
		ExecutionOrderSort (0ms)
		DisableScriptedObjects (0ms)
		BackupInstance (0ms)
		ReleaseScriptingObjects (0ms)
		CreateAndSetChildDomain (1ms)
	RebuildCommonClasses (45ms)
	RebuildNativeTypeToScriptingClass (14ms)
	initialDomainReloadingComplete (89ms)
	LoadAllAssembliesAndSetupDomain (179ms)
		LoadAssemblies (140ms)
		RebuildTransferFunctionScriptingTraits (0ms)
		AnalyzeDomain (177ms)
			TypeCache.Refresh (175ms)
				TypeCache.ScanAssembly (159ms)
			ScanForSourceGeneratedMonoScriptInfo (0ms)
			ResolveRequiredComponents (1ms)
	FinalizeReload (331ms)
		ReleaseScriptCaches (0ms)
		RebuildScriptCaches (0ms)
		SetupLoadedEditorAssemblies (262ms)
			LogAssemblyErrors (0ms)
			InitializePlatformSupportModulesInManaged (13ms)
			SetLoadedEditorAssemblies (9ms)
			RefreshPlugins (0ms)
			BeforeProcessingInitializeOnLoad (2ms)
			ProcessInitializeOnLoadAttributes (178ms)
			ProcessInitializeOnLoadMethodAttributes (59ms)
			AfterProcessingInitializeOnLoad (0ms)
			EditorAssembliesLoaded (0ms)
		ExecutionOrderSort2 (0ms)
		AwakeInstancesAfterBackupRestoration (0ms)
========================================================================
Worker process is ready to serve import requests
Begin MonoManager ReloadAssembly
- Loaded All Assemblies, in  0.974 seconds
Refreshing native plugins compatible for Editor in 19.38 ms, found 4 plugins.
Native extension for WindowsStandalone target not found
Package Manager log level set to [2]
[Package Manager] Server::EnsureServerProcessIsRunning -- launch failed, reason: Unity was launched with the -noUpm command-line argument
[Package Manager] UpmClient::Send -- Unable to send message (not connected to UPM process).
[Package Manager] Cannot connect to Unity Package Manager local server
System.Reflection.TargetInvocationException: Exception has been thrown by the target of an invocation. ---> System.NullReferenceException: Object reference not set to an instance of an object
  at Unity.XR.Oculus.OculusLoader.AssetPathToAbsolutePath (System.String assetPath) [0x00040] in .\Library\PackageCache\com.unity.xr.oculus@4.2.0\Runtime\OculusLoader.cs:298 
  at Unity.XR.Oculus.OculusLoader.EditorLoadOVRPlugin () [0x0008c] in .\Library\PackageCache\com.unity.xr.oculus@4.2.0\Runtime\OculusLoader.cs:283 
  at (wrapper managed-to-native) System.Reflection.RuntimeMethodInfo.InternalInvoke(System.Reflection.RuntimeMethodInfo,object,object[],System.Exception&)
  at System.Reflection.RuntimeMethodInfo.Invoke (System.Object obj, System.Reflection.BindingFlags invokeAttr, System.Reflection.Binder binder, System.Object[] parameters, System.Globalization.CultureInfo culture) [0x0006a] in <27124aa0e30a41659b903b822b959bc7>:0 
   --- End of inner exception stack trace ---
  at System.Reflection.RuntimeMethodInfo.Invoke (System.Object obj, System.Reflection.BindingFlags invokeAttr, System.Reflection.Binder binder, System.Object[] parameters, System.Globalization.CultureInfo culture) [0x00083] in <27124aa0e30a41659b903b822b959bc7>:0 
  at System.Reflection.MethodBase.Invoke (System.Object obj, System.Object[] parameters) [0x00000] in <27124aa0e30a41659b903b822b959bc7>:0 
  at UnityEditor.EditorAssemblies.ProcessInitializeOnLoadMethodAttributes () [0x000a5] in <80a8ce1980c648dca8e68f0d8aa3b930>:0 
UnityEngine.StackTraceUtility:ExtractStackTrace ()
UnityEngine.DebugLogHandler:LogFormat (UnityEngine.LogType,UnityEngine.Object,string,object[])
UnityEngine.Logger:Log (UnityEngine.LogType,object)
UnityEngine.Debug:LogError (object)
UnityEditor.EditorAssemblies:ProcessInitializeOnLoadMethodAttributes ()

Mono: successfully reloaded assembly
[Package Manager] Server::EnsureServerProcessIsRunning -- launch failed, reason: Unity was launched with the -noUpm command-line argument
[Package Manager] UpmClient::Send -- Unable to send message (not connected to UPM process).
[Package Manager] Cannot connect to Unity Package Manager local server
[Package Manager] Server::EnsureServerProcessIsRunning -- launch failed, reason: Unity was launched with the -noUpm command-line argument
[Package Manager] UpmClient::Send -- Unable to send message (not connected to UPM process).
[Package Manager] Cannot connect to Unity Package Manager local server
- Finished resetting the current domain, in  3.480 seconds
Domain Reload Profiling: 4448ms
	BeginReloadAssembly (197ms)
		ExecutionOrderSort (0ms)
		DisableScriptedObjects (7ms)
		BackupInstance (0ms)
		ReleaseScriptingObjects (0ms)
		CreateAndSetChildDomain (23ms)
	RebuildCommonClasses (47ms)
	RebuildNativeTypeToScriptingClass (13ms)
	initialDomainReloadingComplete (59ms)
	LoadAllAssembliesAndSetupDomain (651ms)
		LoadAssemblies (511ms)
		RebuildTransferFunctionScriptingTraits (0ms)
		AnalyzeDomain (258ms)
			TypeCache.Refresh (221ms)
				TypeCache.ScanAssembly (198ms)
			ScanForSourceGeneratedMonoScriptInfo (27ms)
			ResolveRequiredComponents (8ms)
	FinalizeReload (3481ms)
		ReleaseScriptCaches (0ms)
		RebuildScriptCaches (0ms)
		SetupLoadedEditorAssemblies (3268ms)
			LogAssemblyErrors (0ms)
			InitializePlatformSupportModulesInManaged (11ms)
			SetLoadedEditorAssemblies (6ms)
			RefreshPlugins (0ms)
			BeforeProcessingInitializeOnLoad (108ms)
			ProcessInitializeOnLoadAttributes (666ms)
			ProcessInitializeOnLoadMethodAttributes (2459ms)
			AfterProcessingInitializeOnLoad (17ms)
			EditorAssembliesLoaded (0ms)
		ExecutionOrderSort2 (0ms)
		AwakeInstancesAfterBackupRestoration (8ms)
Launched and connected shader compiler UnityShaderCompiler.exe after 0.06 seconds
Refreshing native plugins compatible for Editor in 20.65 ms, found 4 plugins.
Preloading 2 native plugins for Editor in 0.09 ms.
Unloading 3124 Unused Serialized files (Serialized files now loaded: 0)
Unloading 142 unused Assets / (11.4 MB). Loaded Objects now: 3632.
Memory consumption went from 185.1 MB to 173.7 MB.
Total: 12.436200 ms (FindLiveObjects: 0.389100 ms CreateObjectMapping: 0.109100 ms MarkObjects: 6.685300 ms  DeleteObjects: 5.251300 ms)

AssetImportParameters requested are different than current active one (requested -> active):
  custom:video-decoder-webm-vp8: 9c59270c3fd7afecdb556c50c9e8de78 -> 
  custom:SearchIndexIgnoredProperties: e643bd26f0fe6173181afceb89e7c659 -> 
  custom:container-demuxer-ogg: 62fdf1f143b41e24485cea50d1cbac27 -> 
  custom:AudioImporter_EditorPlatform: d09bf68614088b80899f8185d706f6e7 -> 
  custom:video-decoder-ogg-theora: a1e56fd34408186e4bbccfd4996cb3dc -> 
  custom:framework-win-MediaFoundation: 216162199b28c13a410421893ffa2e32 -> 
  custom:video-encoder-webm-vp8: eb34c28f22e8b96e1ab97ce403110664 -> 
  custom:audio-decoder-ogg-vorbis: bf7c407c2cedff20999df2af8eb42d56 -> 
  custom:CustomObjectIndexerAttribute: 9a22284fe3817be447336de3de66b15e -> 
  custom:container-demuxer-webm: 4f35f7cbe854078d1ac9338744f61a02 -> 
  custom:audio-encoder-webm-vorbis: bf7c407c2cedff20999df2af8eb42d56 -> 
  custom:container-muxer-webm: aa71ff27fc2769a1b78a27578f13a17b -> 
========================================================================
Received Import Request.
  Time since last request: 197707.500834 seconds.
  path: Assets/ななは/Lowell/_Material/Two_tone/Grapefruit.mat
  artifactKey: Guid(07c8c1a412c54af4eaf3567312dfc6b7) Importer(815301076,1909f56bfc062723c751e8b465ee728b)
Start importing Assets/ななは/Lowell/_Material/Two_tone/Grapefruit.mat using Guid(07c8c1a412c54af4eaf3567312dfc6b7) Importer(815301076,1909f56bfc062723c751e8b465ee728b)  -> (artifact id: '99842ce4a25ba95670dfcd5e10bf22f9') in 0.610210 seconds
Number of updated asset objects reloaded before import = 0
Number of asset objects unloaded after import = 7
========================================================================
Received Import Request.
  Time since last request: 0.000075 seconds.
  path: Assets/ななは/Lowell/_Material/Two_tone/Chocolate.mat
  artifactKey: Guid(f6cc2f19746fa5a488863e2cadfd229f) Importer(815301076,1909f56bfc062723c751e8b465ee728b)
Start importing Assets/ななは/Lowell/_Material/Two_tone/Chocolate.mat using Guid(f6cc2f19746fa5a488863e2cadfd229f) Importer(815301076,1909f56bfc062723c751e8b465ee728b)  -> (artifact id: '67703e12bc3cf98628112a6816aaf685') in 0.129571 seconds
Number of updated asset objects reloaded before import = 0
Number of asset objects unloaded after import = 7
========================================================================
Received Import Request.
  Time since last request: 0.000017 seconds.
  path: Assets/ななは/Lowell/_Material/Two_tone
  artifactKey: Guid(2817a208c307d6642a5f84df8eb4f7fc) Importer(815301076,1909f56bfc062723c751e8b465ee728b)
Start importing Assets/ななは/Lowell/_Material/Two_tone using Guid(2817a208c307d6642a5f84df8eb4f7fc) Importer(815301076,1909f56bfc062723c751e8b465ee728b)  -> (artifact id: '224e4d24bcb274a97fd63962bb0e84d4') in 0.000794 seconds
Number of updated asset objects reloaded before import = 0
Number of asset objects unloaded after import = 0
========================================================================
Received Import Request.
  Time since last request: 0.000043 seconds.
  path: Assets/ななは/Lowell/_Material
  artifactKey: Guid(13fdf5a5adea21d49bd59874fc4959df) Importer(815301076,1909f56bfc062723c751e8b465ee728b)
Start importing Assets/ななは/Lowell/_Material using Guid(13fdf5a5adea21d49bd59874fc4959df) Importer(815301076,1909f56bfc062723c751e8b465ee728b)  -> (artifact id: '28c72308a26311e03657a60faf45d1cc') in 0.000510 seconds
Number of updated asset objects reloaded before import = 0
Number of asset objects unloaded after import = 0
========================================================================
Received Import Request.
  Time since last request: 0.000013 seconds.
  path: Assets/ななは/Lowell/_Material/Two_tone/Flamingo.mat
  artifactKey: Guid(14e6f6fb86b1cef42bca78b3da12693f) Importer(815301076,1909f56bfc062723c751e8b465ee728b)
Start importing Assets/ななは/Lowell/_Material/Two_tone/Flamingo.mat using Guid(14e6f6fb86b1cef42bca78b3da12693f) Importer(815301076,1909f56bfc062723c751e8b465ee728b)  -> (artifact id: 'd3eddac35e1dae2067d12fa5d7f3848f') in 0.029986 seconds
Number of updated asset objects reloaded before import = 0
Number of asset objects unloaded after import = 7
========================================================================
Received Import Request.
  Time since last request: 0.000020 seconds.
  path: Assets/ななは/Lowell/_Material/Two_tone/Mystic_Pink.mat
  artifactKey: Guid(5e8ce8c72f27f8940ac9b97d17299fb6) Importer(815301076,1909f56bfc062723c751e8b465ee728b)
Start importing Assets/ななは/Lowell/_Material/Two_tone/Mystic_Pink.mat using Guid(5e8ce8c72f27f8940ac9b97d17299fb6) Importer(815301076,1909f56bfc062723c751e8b465ee728b)  -> (artifact id: 'd9c1c740d91984cbe386ab83d61068d1') in 0.060893 seconds
Number of updated asset objects reloaded before import = 0
Number of asset objects unloaded after import = 7
========================================================================
Received Prepare
Refreshing native plugins compatible for Editor in 18.49 ms, found 4 plugins.
Preloading 2 native plugins for Editor in 0.09 ms.
Unloading 53 Unused Serialized files (Serialized files now loaded: 0)
Unloading 54 unused Assets / (11.3 MB). Loaded Objects now: 3674.
Memory consumption went from 123.3 MB to 112.1 MB.
Total: 12.519600 ms (FindLiveObjects: 0.366600 ms CreateObjectMapping: 0.101700 ms MarkObjects: 6.815400 ms  DeleteObjects: 5.234600 ms)

Prepare: number of updated asset objects reloaded= 2
AssetImportParameters requested are different than current active one (requested -> active):
  custom:video-decoder-webm-vp8: 9c59270c3fd7afecdb556c50c9e8de78 -> 
  custom:SearchIndexIgnoredProperties: e643bd26f0fe6173181afceb89e7c659 -> 
  custom:container-demuxer-ogg: 62fdf1f143b41e24485cea50d1cbac27 -> 
  custom:AudioImporter_EditorPlatform: d09bf68614088b80899f8185d706f6e7 -> 
  custom:video-decoder-ogg-theora: a1e56fd34408186e4bbccfd4996cb3dc -> 
  custom:framework-win-MediaFoundation: 216162199b28c13a410421893ffa2e32 -> 
  custom:video-encoder-webm-vp8: eb34c28f22e8b96e1ab97ce403110664 -> 
  custom:audio-decoder-ogg-vorbis: bf7c407c2cedff20999df2af8eb42d56 -> 
  custom:CustomObjectIndexerAttribute: 9a22284fe3817be447336de3de66b15e -> 
  custom:container-demuxer-webm: 4f35f7cbe854078d1ac9338744f61a02 -> 
  custom:audio-encoder-webm-vorbis: bf7c407c2cedff20999df2af8eb42d56 -> 
  custom:container-muxer-webm: aa71ff27fc2769a1b78a27578f13a17b -> 
========================================================================
Received Import Request.
  Time since last request: 437.627860 seconds.
  path: Assets/[An-Labo.Virtual]
  artifactKey: Guid(0ab58a111fafa554bbe086afe41a467e) Importer(815301076,1909f56bfc062723c751e8b465ee728b)
Start importing Assets/[An-Labo.Virtual] using Guid(0ab58a111fafa554bbe086afe41a467e) Importer(815301076,1909f56bfc062723c751e8b465ee728b)  -> (artifact id: '63a54ae9b2c6474087de414debe186ff') in 0.006428 seconds
Number of updated asset objects reloaded before import = 2
Number of asset objects unloaded after import = 0
========================================================================
Received Import Request.
  Time since last request: 5.492807 seconds.
  path: Assets/MAYBE's Booth/Offshoulder top dress
  artifactKey: Guid(81436ea5747c88e4ba27c6286a9a5a10) Importer(815301076,1909f56bfc062723c751e8b465ee728b)
Start importing Assets/MAYBE's Booth/Offshoulder top dress using Guid(81436ea5747c88e4ba27c6286a9a5a10) Importer(815301076,1909f56bfc062723c751e8b465ee728b)  -> (artifact id: 'b365d5664165a01759f5d5407b50c4b6') in 0.000611 seconds
Number of updated asset objects reloaded before import = 0
Number of asset objects unloaded after import = 0
========================================================================
Received Import Request.
  Time since last request: 2.112620 seconds.
  path: Assets/MAYBE's Booth/Offshoulder top dress/for Chiffon
  artifactKey: Guid(501a3560031636b47be2052260050839) Importer(815301076,1909f56bfc062723c751e8b465ee728b)
Start importing Assets/MAYBE's Booth/Offshoulder top dress/for Chiffon using Guid(501a3560031636b47be2052260050839) Importer(815301076,1909f56bfc062723c751e8b465ee728b)  -> (artifact id: '86b7fa6b5122d110ea46fe40a55d8638') in 0.000470 seconds
Number of updated asset objects reloaded before import = 0
Number of asset objects unloaded after import = 0
========================================================================
Received Import Request.
  Time since last request: 0.152352 seconds.
  path: Assets/MAYBE's Booth/Offshoulder top dress/for Chiffon/Offshoulder top dress for Chiffon.fbx
  artifactKey: Guid(d09ac0eb047f1b545a8288329fac9abe) Importer(815301076,1909f56bfc062723c751e8b465ee728b)
Start importing Assets/MAYBE's Booth/Offshoulder top dress/for Chiffon/Offshoulder top dress for Chiffon.fbx using Guid(d09ac0eb047f1b545a8288329fac9abe) Importer(815301076,1909f56bfc062723c751e8b465ee728b)  -> (artifact id: 'c97690a35fb208eec0fee83633eb28ae') in 0.134028 seconds
Number of updated asset objects reloaded before import = 0
Number of asset objects unloaded after import = 96
========================================================================
Received Import Request.
  Time since last request: 114.750131 seconds.
  path: Assets/Studio_literature_Ishtar
  artifactKey: Guid(040694f49e5b06449b9b7a0676a55ad9) Importer(815301076,1909f56bfc062723c751e8b465ee728b)
Start importing Assets/Studio_literature_Ishtar using Guid(040694f49e5b06449b9b7a0676a55ad9) Importer(815301076,1909f56bfc062723c751e8b465ee728b)  -> (artifact id: 'e1eb7405c0e7fff8ddcb4dfb1bbc17fc') in 0.000669 seconds
Number of updated asset objects reloaded before import = 0
Number of asset objects unloaded after import = 0
========================================================================
Received Import Request.
  Time since last request: 1.298316 seconds.
  path: Assets/Studio_literature_Ishtar/Philosophy
  artifactKey: Guid(e65a3a3b55069894ba8a8402f0283ef3) Importer(815301076,1909f56bfc062723c751e8b465ee728b)
Start importing Assets/Studio_literature_Ishtar/Philosophy using Guid(e65a3a3b55069894ba8a8402f0283ef3) Importer(815301076,1909f56bfc062723c751e8b465ee728b)  -> (artifact id: 'e27f7fb6334e6a5e3e4c526d1523e46d') in 0.000589 seconds
Number of updated asset objects reloaded before import = 0
Number of asset objects unloaded after import = 0
========================================================================
Received Import Request.
  Time since last request: 3.312512 seconds.
  path: Assets/Studio_literature_Ishtar/Philosophy/prefab_cloth
  artifactKey: Guid(762a8c16c2485f54889f76710540f9f5) Importer(815301076,1909f56bfc062723c751e8b465ee728b)
Start importing Assets/Studio_literature_Ishtar/Philosophy/prefab_cloth using Guid(762a8c16c2485f54889f76710540f9f5) Importer(815301076,1909f56bfc062723c751e8b465ee728b)  -> (artifact id: '796dc38e4d72ca28747b9fb3d4944d8b') in 0.000505 seconds
Number of updated asset objects reloaded before import = 0
Number of asset objects unloaded after import = 0
========================================================================
Received Import Request.
  Time since last request: 0.829874 seconds.
  path: Assets/Studio_literature_Ishtar/Philosophy/prefab_avatar
  artifactKey: Guid(e0225b189014f7d4fb07e26c98f76c9a) Importer(815301076,1909f56bfc062723c751e8b465ee728b)
Start importing Assets/Studio_literature_Ishtar/Philosophy/prefab_avatar using Guid(e0225b189014f7d4fb07e26c98f76c9a) Importer(815301076,1909f56bfc062723c751e8b465ee728b)  -> (artifact id: '74db5910d21c2df0c2c94d2701b4d792') in 0.000470 seconds
Number of updated asset objects reloaded before import = 0
Number of asset objects unloaded after import = 0
========================================================================
Received Import Request.
  Time since last request: 2.217016 seconds.
  path: Assets/Studio_literature_Ishtar/Philosophy/prefab_cloth/Chiffon
  artifactKey: Guid(6ddd85eefe87a66408f2d629b6d0f217) Importer(815301076,1909f56bfc062723c751e8b465ee728b)
Start importing Assets/Studio_literature_Ishtar/Philosophy/prefab_cloth/Chiffon using Guid(6ddd85eefe87a66408f2d629b6d0f217) Importer(815301076,1909f56bfc062723c751e8b465ee728b)  -> (artifact id: '491048e9634ee614db37d388bbbbd7b7') in 0.000557 seconds
Number of updated asset objects reloaded before import = 0
Number of asset objects unloaded after import = 0
========================================================================
Received Import Request.
  Time since last request: 1.240560 seconds.
  path: Assets/Studio_literature_Ishtar/Philosophy/prefab_cloth/Chiffon/ModularAvatar
  artifactKey: Guid(23a35d45db4e84d4c8173c0c63b61133) Importer(815301076,1909f56bfc062723c751e8b465ee728b)
Start importing Assets/Studio_literature_Ishtar/Philosophy/prefab_cloth/Chiffon/ModularAvatar using Guid(23a35d45db4e84d4c8173c0c63b61133) Importer(815301076,1909f56bfc062723c751e8b465ee728b)  -> (artifact id: 'fe077962e9f43c740916be356ab806b1') in 0.000451 seconds
Number of updated asset objects reloaded before import = 0
Number of asset objects unloaded after import = 0
========================================================================
Received Import Request.
  Time since last request: 0.118710 seconds.
  path: Assets/Studio_literature_Ishtar/Philosophy/prefab_cloth/Chiffon/ModularAvatar/philosophy_Chiffon.prefab
  artifactKey: Guid(eee3d461337077a4fac47448820f649b) Importer(815301076,1909f56bfc062723c751e8b465ee728b)
Start importing Assets/Studio_literature_Ishtar/Philosophy/prefab_cloth/Chiffon/ModularAvatar/philosophy_Chiffon.prefab using Guid(eee3d461337077a4fac47448820f649b) Importer(815301076,1909f56bfc062723c751e8b465ee728b)  -> (artifact id: 'd61d6362d07421e17fbac47f0966baa7') in 6.761707 seconds
Number of updated asset objects reloaded before import = 0
Number of asset objects unloaded after import = 1115
========================================================================
Received Import Request.
  Time since last request: 239.029343 seconds.
  path: Assets/Studio_literature_Ishtar/Philosophy/materials
  artifactKey: Guid(7ab30d32ed6a0b046b3f3ef39c8658bf) Importer(815301076,1909f56bfc062723c751e8b465ee728b)
Start importing Assets/Studio_literature_Ishtar/Philosophy/materials using Guid(7ab30d32ed6a0b046b3f3ef39c8658bf) Importer(815301076,1909f56bfc062723c751e8b465ee728b)  -> (artifact id: '177cd0d112286a21aa4a54ad1de4c0b1') in 0.002382 seconds
Number of updated asset objects reloaded before import = 0
Number of asset objects unloaded after import = 0
========================================================================
Received Import Request.
  Time since last request: 71.622102 seconds.
  path: Assets/Studio_literature_Ishtar/Philosophy/materials/A_mat.mat
  artifactKey: Guid(7d601cf9f8199144aa4d7d9f3b43c956) Importer(815301076,1909f56bfc062723c751e8b465ee728b)
Start importing Assets/Studio_literature_Ishtar/Philosophy/materials/A_mat.mat using Guid(7d601cf9f8199144aa4d7d9f3b43c956) Importer(815301076,1909f56bfc062723c751e8b465ee728b)  -> (artifact id: 'dcc15244a989007eedcb29165a0ef719') in 0.342305 seconds
Number of updated asset objects reloaded before import = 0
Number of asset objects unloaded after import = 7
========================================================================
Received Import Request.
  Time since last request: 0.000121 seconds.
  path: Assets/Studio_literature_Ishtar/Philosophy/materials/A_mat_outer.mat
  artifactKey: Guid(799fef0001523f549b30cb090567647e) Importer(815301076,1909f56bfc062723c751e8b465ee728b)
Start importing Assets/Studio_literature_Ishtar/Philosophy/materials/A_mat_outer.mat using Guid(799fef0001523f549b30cb090567647e) Importer(815301076,1909f56bfc062723c751e8b465ee728b)  -> (artifact id: 'b5571d46aae3fc2ebe38bd044c680492') in 0.167242 seconds
Number of updated asset objects reloaded before import = 0
Number of asset objects unloaded after import = 7
========================================================================
Received Import Request.
  Time since last request: 0.000043 seconds.
  path: Assets/Studio_literature_Ishtar/Philosophy/materials/C_mat_Garacsy.mat
  artifactKey: Guid(d2db48b4bd8aaa74e9280425f172bf4b) Importer(815301076,1909f56bfc062723c751e8b465ee728b)
Start importing Assets/Studio_literature_Ishtar/Philosophy/materials/C_mat_Garacsy.mat using Guid(d2db48b4bd8aaa74e9280425f172bf4b) Importer(815301076,1909f56bfc062723c751e8b465ee728b)  -> (artifact id: '532acf70eceff9c058de90dbcf1cfbb0') in 0.032306 seconds
Number of updated asset objects reloaded before import = 0
Number of asset objects unloaded after import = 7
========================================================================
Received Import Request.
  Time since last request: 0.000016 seconds.
  path: Assets/Studio_literature_Ishtar/Philosophy/materials/A_mat_lace.mat
  artifactKey: Guid(ef39bdeaa8cd5c54bbc67c68b6b12025) Importer(815301076,1909f56bfc062723c751e8b465ee728b)
Start importing Assets/Studio_literature_Ishtar/Philosophy/materials/A_mat_lace.mat using Guid(ef39bdeaa8cd5c54bbc67c68b6b12025) Importer(815301076,1909f56bfc062723c751e8b465ee728b)  -> (artifact id: 'c5e35dc56fdd8e48d250f6644133ba89') in 0.093853 seconds
Number of updated asset objects reloaded before import = 0
Number of asset objects unloaded after import = 5
========================================================================
Received Import Request.
  Time since last request: 0.000030 seconds.
  path: Assets/Studio_literature_Ishtar/Philosophy/materials/B_mat_2.mat
  artifactKey: Guid(ca9f4423a306db647b9d7edc924dd386) Importer(815301076,1909f56bfc062723c751e8b465ee728b)
Start importing Assets/Studio_literature_Ishtar/Philosophy/materials/B_mat_2.mat using Guid(ca9f4423a306db647b9d7edc924dd386) Importer(815301076,1909f56bfc062723c751e8b465ee728b)  -> (artifact id: '2330608f440a454ce03cf1d20bba6780') in 0.041502 seconds
Number of updated asset objects reloaded before import = 0
Number of asset objects unloaded after import = 11
Editor requested this worker to shutdown with reason: Scaling down because of idle timeout
TcpMessagingSession - receive error: operation aborted. errorcode: 995, details: The I/O operation has been aborted because of either a thread exit or an application request.
AssetImportWorker is now disconnected from the server
Process exiting
Exiting without the bug reporter. Application will terminate with return code 0