Using pre-set license
Built from '2022.3/staging' branch; Version is '2022.3.22f1 (887be4894c44) revision 8944612'; Using compiler version '192829333'; Build Type 'Release'
OS: 'Windows 10  (10.0.19045) 64bit Core' Language: 'en' Physical Memory: 40895 MB
BatchMode: 1, IsHumanControllingUs: 0, StartBugReporterOnCrash: 0, Is64bit: 1, IsPro: 1

COMMAND LINE ARGUMENTS:
C:\Program Files\Unity\Hub\Editor\2022.3.22f1\Editor\Unity.exe
-adb2
-batchMode
-noUpm
-name
AssetImportWorker0
-projectPath
E:/VR things/VRchatChars/Chiffon Hazelnut
-logFile
Logs/AssetImportWorker0.log
-srvPort
50843
Successfully changed project path to: E:/VR things/VRchatChars/Chiffon Hazelnut
E:/VR things/VRchatChars/Chiffon Hazelnut
[UnityMemory] Configuration Parameters - Can be set up in boot.config
    "memorysetup-bucket-allocator-granularity=16"
    "memorysetup-bucket-allocator-bucket-count=8"
    "memorysetup-bucket-allocator-block-size=33554432"
    "memorysetup-bucket-allocator-block-count=8"
    "memorysetup-main-allocator-block-size=16777216"
    "memorysetup-thread-allocator-block-size=16777216"
    "memorysetup-gfx-main-allocator-block-size=16777216"
    "memorysetup-gfx-thread-allocator-block-size=16777216"
    "memorysetup-cache-allocator-block-size=4194304"
    "memorysetup-typetree-allocator-block-size=2097152"
    "memorysetup-profiler-bucket-allocator-granularity=16"
    "memorysetup-profiler-bucket-allocator-bucket-count=8"
    "memorysetup-profiler-bucket-allocator-block-size=33554432"
    "memorysetup-profiler-bucket-allocator-block-count=8"
    "memorysetup-profiler-allocator-block-size=16777216"
    "memorysetup-profiler-editor-allocator-block-size=1048576"
    "memorysetup-temp-allocator-size-main=16777216"
    "memorysetup-job-temp-allocator-block-size=2097152"
    "memorysetup-job-temp-allocator-block-size-background=1048576"
    "memorysetup-job-temp-allocator-reduction-small-platforms=262144"
    "memorysetup-allocator-temp-initial-block-size-main=262144"
    "memorysetup-allocator-temp-initial-block-size-worker=262144"
    "memorysetup-temp-allocator-size-background-worker=32768"
    "memorysetup-temp-allocator-size-job-worker=262144"
    "memorysetup-temp-allocator-size-preload-manager=33554432"
    "memorysetup-temp-allocator-size-nav-mesh-worker=65536"
    "memorysetup-temp-allocator-size-audio-worker=65536"
    "memorysetup-temp-allocator-size-cloud-worker=32768"
    "memorysetup-temp-allocator-size-gi-baking-worker=262144"
    "memorysetup-temp-allocator-size-gfx=262144"
Player connection [18984] Host "[IP] 192.168.1.67 [Port] 0 [Flags] 2 [Guid] 1496042358 [EditorId] 1496042358 [Version] 1048832 [Id] WindowsEditor(7,Nidalee) [Debug] 1 [PackageName] WindowsEditor [ProjectName] Editor" joined multi-casting on [225.0.0.222:54997]...

Player connection [18984] Host "[IP] 192.168.1.67 [Port] 0 [Flags] 2 [Guid] 1496042358 [EditorId] 1496042358 [Version] 1048832 [Id] WindowsEditor(7,Nidalee) [Debug] 1 [PackageName] WindowsEditor [ProjectName] Editor" joined alternative multi-casting on [225.0.0.222:34997]...

[Physics::Module] Initialized MultithreadedJobDispatcher with 11 workers.
Refreshing native plugins compatible for Editor in 44.07 ms, found 4 plugins.
Preloading 2 native plugins for Editor in 1.65 ms.
Initialize engine version: 2022.3.22f1 (887be4894c44)
[Subsystems] Discovering subsystems at path C:/Program Files/Unity/Hub/Editor/2022.3.22f1/Editor/Data/Resources/UnitySubsystems
[Subsystems] Discovering subsystems at path E:/VR things/VRchatChars/Chiffon Hazelnut/Assets
GfxDevice: creating device client; threaded=0; jobified=0
Direct3D:
    Version:  Direct3D 11.0 [level 11.1]
    Renderer: NVIDIA GeForce GTX 1660 Ti (ID=0x2182)
    Vendor:   NVIDIA
    VRAM:     5966 MB
    Driver:   32.0.15.6094
Initialize mono
Mono path[0] = 'C:/Program Files/Unity/Hub/Editor/2022.3.22f1/Editor/Data/Managed'
Mono path[1] = 'C:/Program Files/Unity/Hub/Editor/2022.3.22f1/Editor/Data/MonoBleedingEdge/lib/mono/unityjit-win32'
Mono config path = 'C:/Program Files/Unity/Hub/Editor/2022.3.22f1/Editor/Data/MonoBleedingEdge/etc'
Using monoOptions --debugger-agent=transport=dt_socket,embedding=1,server=y,suspend=n,address=127.0.0.1:56776
Begin MonoManager ReloadAssembly
Registering precompiled unity dll's ...
Register platform support module: C:/Program Files/Unity/Hub/Editor/2022.3.22f1/Editor/Data/PlaybackEngines/WindowsStandaloneSupport/UnityEditor.WindowsStandalone.Extensions.dll
Registered in 0.019390 seconds.
- Loaded All Assemblies, in  0.486 seconds
Native extension for WindowsStandalone target not found
Mono: successfully reloaded assembly
- Finished resetting the current domain, in  0.335 seconds
Domain Reload Profiling: 817ms
	BeginReloadAssembly (158ms)
		ExecutionOrderSort (0ms)
		DisableScriptedObjects (0ms)
		BackupInstance (0ms)
		ReleaseScriptingObjects (0ms)
		CreateAndSetChildDomain (1ms)
	RebuildCommonClasses (47ms)
	RebuildNativeTypeToScriptingClass (13ms)
	initialDomainReloadingComplete (94ms)
	LoadAllAssembliesAndSetupDomain (169ms)
		LoadAssemblies (153ms)
		RebuildTransferFunctionScriptingTraits (0ms)
		AnalyzeDomain (167ms)
			TypeCache.Refresh (165ms)
				TypeCache.ScanAssembly (150ms)
			ScanForSourceGeneratedMonoScriptInfo (0ms)
			ResolveRequiredComponents (1ms)
	FinalizeReload (335ms)
		ReleaseScriptCaches (0ms)
		RebuildScriptCaches (0ms)
		SetupLoadedEditorAssemblies (266ms)
			LogAssemblyErrors (0ms)
			InitializePlatformSupportModulesInManaged (14ms)
			SetLoadedEditorAssemblies (8ms)
			RefreshPlugins (0ms)
			BeforeProcessingInitializeOnLoad (3ms)
			ProcessInitializeOnLoadAttributes (180ms)
			ProcessInitializeOnLoadMethodAttributes (59ms)
			AfterProcessingInitializeOnLoad (0ms)
			EditorAssembliesLoaded (0ms)
		ExecutionOrderSort2 (0ms)
		AwakeInstancesAfterBackupRestoration (0ms)
========================================================================
Worker process is ready to serve import requests
Begin MonoManager ReloadAssembly
- Loaded All Assemblies, in  0.990 seconds
Refreshing native plugins compatible for Editor in 17.36 ms, found 4 plugins.
Native extension for WindowsStandalone target not found
Package Manager log level set to [2]
[Package Manager] Server::EnsureServerProcessIsRunning -- launch failed, reason: Unity was launched with the -noUpm command-line argument
[Package Manager] UpmClient::Send -- Unable to send message (not connected to UPM process).
[Package Manager] Cannot connect to Unity Package Manager local server
System.Reflection.TargetInvocationException: Exception has been thrown by the target of an invocation. ---> System.NullReferenceException: Object reference not set to an instance of an object
  at Unity.XR.Oculus.OculusLoader.AssetPathToAbsolutePath (System.String assetPath) [0x00040] in .\Library\PackageCache\com.unity.xr.oculus@4.2.0\Runtime\OculusLoader.cs:298 
  at Unity.XR.Oculus.OculusLoader.EditorLoadOVRPlugin () [0x0008c] in .\Library\PackageCache\com.unity.xr.oculus@4.2.0\Runtime\OculusLoader.cs:283 
  at (wrapper managed-to-native) System.Reflection.RuntimeMethodInfo.InternalInvoke(System.Reflection.RuntimeMethodInfo,object,object[],System.Exception&)
  at System.Reflection.RuntimeMethodInfo.Invoke (System.Object obj, System.Reflection.BindingFlags invokeAttr, System.Reflection.Binder binder, System.Object[] parameters, System.Globalization.CultureInfo culture) [0x0006a] in <27124aa0e30a41659b903b822b959bc7>:0 
   --- End of inner exception stack trace ---
  at System.Reflection.RuntimeMethodInfo.Invoke (System.Object obj, System.Reflection.BindingFlags invokeAttr, System.Reflection.Binder binder, System.Object[] parameters, System.Globalization.CultureInfo culture) [0x00083] in <27124aa0e30a41659b903b822b959bc7>:0 
  at System.Reflection.MethodBase.Invoke (System.Object obj, System.Object[] parameters) [0x00000] in <27124aa0e30a41659b903b822b959bc7>:0 
  at UnityEditor.EditorAssemblies.ProcessInitializeOnLoadMethodAttributes () [0x000a5] in <80a8ce1980c648dca8e68f0d8aa3b930>:0 
UnityEngine.StackTraceUtility:ExtractStackTrace ()
UnityEngine.DebugLogHandler:LogFormat (UnityEngine.LogType,UnityEngine.Object,string,object[])
UnityEngine.Logger:Log (UnityEngine.LogType,object)
UnityEngine.Debug:LogError (object)
UnityEditor.EditorAssemblies:ProcessInitializeOnLoadMethodAttributes ()

Mono: successfully reloaded assembly
[Package Manager] Server::EnsureServerProcessIsRunning -- launch failed, reason: Unity was launched with the -noUpm command-line argument
[Package Manager] UpmClient::Send -- Unable to send message (not connected to UPM process).
[Package Manager] Cannot connect to Unity Package Manager local server
[Package Manager] Server::EnsureServerProcessIsRunning -- launch failed, reason: Unity was launched with the -noUpm command-line argument
[Package Manager] UpmClient::Send -- Unable to send message (not connected to UPM process).
[Package Manager] Cannot connect to Unity Package Manager local server
- Finished resetting the current domain, in  3.476 seconds
Domain Reload Profiling: 4460ms
	BeginReloadAssembly (207ms)
		ExecutionOrderSort (0ms)
		DisableScriptedObjects (7ms)
		BackupInstance (0ms)
		ReleaseScriptingObjects (0ms)
		CreateAndSetChildDomain (24ms)
	RebuildCommonClasses (49ms)
	RebuildNativeTypeToScriptingClass (13ms)
	initialDomainReloadingComplete (56ms)
	LoadAllAssembliesAndSetupDomain (658ms)
		LoadAssemblies (531ms)
		RebuildTransferFunctionScriptingTraits (0ms)
		AnalyzeDomain (254ms)
			TypeCache.Refresh (217ms)
				TypeCache.ScanAssembly (193ms)
			ScanForSourceGeneratedMonoScriptInfo (28ms)
			ResolveRequiredComponents (8ms)
	FinalizeReload (3477ms)
		ReleaseScriptCaches (0ms)
		RebuildScriptCaches (0ms)
		SetupLoadedEditorAssemblies (3281ms)
			LogAssemblyErrors (0ms)
			InitializePlatformSupportModulesInManaged (10ms)
			SetLoadedEditorAssemblies (6ms)
			RefreshPlugins (0ms)
			BeforeProcessingInitializeOnLoad (106ms)
			ProcessInitializeOnLoadAttributes (697ms)
			ProcessInitializeOnLoadMethodAttributes (2446ms)
			AfterProcessingInitializeOnLoad (17ms)
			EditorAssembliesLoaded (0ms)
		ExecutionOrderSort2 (0ms)
		AwakeInstancesAfterBackupRestoration (7ms)
Launched and connected shader compiler UnityShaderCompiler.exe after 0.07 seconds
Refreshing native plugins compatible for Editor in 16.03 ms, found 4 plugins.
Preloading 2 native plugins for Editor in 0.08 ms.
Unloading 3124 Unused Serialized files (Serialized files now loaded: 0)
Unloading 142 unused Assets / (11.5 MB). Loaded Objects now: 3632.
Memory consumption went from 187.3 MB to 175.8 MB.
Total: 10.385400 ms (FindLiveObjects: 0.363400 ms CreateObjectMapping: 0.110300 ms MarkObjects: 5.767700 ms  DeleteObjects: 4.142300 ms)

AssetImportParameters requested are different than current active one (requested -> active):
  custom:video-decoder-webm-vp8: 9c59270c3fd7afecdb556c50c9e8de78 -> 
  custom:SearchIndexIgnoredProperties: e643bd26f0fe6173181afceb89e7c659 -> 
  custom:container-demuxer-ogg: 62fdf1f143b41e24485cea50d1cbac27 -> 
  custom:AudioImporter_EditorPlatform: d09bf68614088b80899f8185d706f6e7 -> 
  custom:video-decoder-ogg-theora: a1e56fd34408186e4bbccfd4996cb3dc -> 
  custom:framework-win-MediaFoundation: 216162199b28c13a410421893ffa2e32 -> 
  custom:video-encoder-webm-vp8: eb34c28f22e8b96e1ab97ce403110664 -> 
  custom:audio-decoder-ogg-vorbis: bf7c407c2cedff20999df2af8eb42d56 -> 
  custom:CustomObjectIndexerAttribute: 9a22284fe3817be447336de3de66b15e -> 
  custom:container-demuxer-webm: 4f35f7cbe854078d1ac9338744f61a02 -> 
  custom:audio-encoder-webm-vorbis: bf7c407c2cedff20999df2af8eb42d56 -> 
  custom:container-muxer-webm: aa71ff27fc2769a1b78a27578f13a17b -> 
========================================================================
Received Import Request.
  Time since last request: 254283.533499 seconds.
  path: Assets/Amatousagi/Chiffon/Chiffon_kisekae.prefab
  artifactKey: Guid(b9629c940ca5a254a823b0b683a50844) Importer(815301076,1909f56bfc062723c751e8b465ee728b)
Start importing Assets/Amatousagi/Chiffon/Chiffon_kisekae.prefab using Guid(b9629c940ca5a254a823b0b683a50844) Importer(815301076,1909f56bfc062723c751e8b465ee728b)  -> (artifact id: '454833d19ca8712106b5b4e077cbd98c') in 1.389954 seconds
Number of updated asset objects reloaded before import = 0
Number of asset objects unloaded after import = 1845
========================================================================
Received Import Request.
  Time since last request: 0.000039 seconds.
  path: Assets/Amatousagi/Chiffon/Kaihen_prefab/Chiffon_kaihen.prefab
  artifactKey: Guid(cd401bf5aecedd84489638c9da097751) Importer(815301076,1909f56bfc062723c751e8b465ee728b)
Start importing Assets/Amatousagi/Chiffon/Kaihen_prefab/Chiffon_kaihen.prefab using Guid(cd401bf5aecedd84489638c9da097751) Importer(815301076,1909f56bfc062723c751e8b465ee728b)  -> (artifact id: '1b1c7285aa4dfee7071da97cc832e848') in 0.211424 seconds
Number of updated asset objects reloaded before import = 0
Number of asset objects unloaded after import = 805
========================================================================
Received Import Request.
  Time since last request: 209.279470 seconds.
  path: Assets/ななは/Lowell/_Prefab/Airi_Lowell.prefab
  artifactKey: Guid(85de13ca695aac947a6325fac8d76d47) Importer(815301076,1909f56bfc062723c751e8b465ee728b)
Start importing Assets/ななは/Lowell/_Prefab/Airi_Lowell.prefab using Guid(85de13ca695aac947a6325fac8d76d47) Importer(815301076,1909f56bfc062723c751e8b465ee728b)  -> (artifact id: '06c986487312278ed7fe039627d9267f') in 0.066813 seconds
Number of updated asset objects reloaded before import = 0
Number of asset objects unloaded after import = 615
========================================================================
Received Import Request.
  Time since last request: 0.000034 seconds.
  path: Assets/ななは/Lowell/_Prefab/Manuka_Lowell.prefab
  artifactKey: Guid(b431e596473ef4d448571806fce3bb8c) Importer(815301076,1909f56bfc062723c751e8b465ee728b)
Start importing Assets/ななは/Lowell/_Prefab/Manuka_Lowell.prefab using Guid(b431e596473ef4d448571806fce3bb8c) Importer(815301076,1909f56bfc062723c751e8b465ee728b)  -> (artifact id: '70770366299d69ae4c8544968da63744') in 0.071061 seconds
Number of updated asset objects reloaded before import = 0
Number of asset objects unloaded after import = 615
========================================================================
Received Import Request.
  Time since last request: 0.000023 seconds.
  path: Assets/ななは/Lowell/_Prefab/Selestia_Lowell.prefab
  artifactKey: Guid(bec64d735e828ea4c93186d1fca77b4d) Importer(815301076,1909f56bfc062723c751e8b465ee728b)
Start importing Assets/ななは/Lowell/_Prefab/Selestia_Lowell.prefab using Guid(bec64d735e828ea4c93186d1fca77b4d) Importer(815301076,1909f56bfc062723c751e8b465ee728b)  -> (artifact id: '17fc2389f5b162d3c6b466e77f8e5b77') in 0.061120 seconds
Number of updated asset objects reloaded before import = 0
Number of asset objects unloaded after import = 614
========================================================================
Received Import Request.
  Time since last request: 0.000029 seconds.
  path: Assets/ななは/Lowell/_Prefab/Moe_Lowell.prefab
  artifactKey: Guid(614469c80f52eba4d81fd360c89bb576) Importer(815301076,1909f56bfc062723c751e8b465ee728b)
Start importing Assets/ななは/Lowell/_Prefab/Moe_Lowell.prefab using Guid(614469c80f52eba4d81fd360c89bb576) Importer(815301076,1909f56bfc062723c751e8b465ee728b)  -> (artifact id: '483104c4f0b909ada3f217651c5926f3') in 0.074275 seconds
Number of updated asset objects reloaded before import = 0
Number of asset objects unloaded after import = 614
========================================================================
Received Import Request.
  Time since last request: 0.000019 seconds.
  path: Assets/ななは/Lowell/_Prefab/Shinra_Lowell.prefab
  artifactKey: Guid(86cdde663b6a39d43b4f83aa610b7b98) Importer(815301076,1909f56bfc062723c751e8b465ee728b)
Start importing Assets/ななは/Lowell/_Prefab/Shinra_Lowell.prefab using Guid(86cdde663b6a39d43b4f83aa610b7b98) Importer(815301076,1909f56bfc062723c751e8b465ee728b)  -> (artifact id: '5604af16f06e1b1622451542eddf4656') in 0.068631 seconds
Number of updated asset objects reloaded before import = 0
Number of asset objects unloaded after import = 615
========================================================================
Received Import Request.
  Time since last request: 80.062989 seconds.
  path: Assets/ななは/Lowell/Texture/Hair/Ash_Brown.png
  artifactKey: Guid(acf5c2cabd6f53f4dbcf732e848ce691) Importer(815301076,1909f56bfc062723c751e8b465ee728b)
Start importing Assets/ななは/Lowell/Texture/Hair/Ash_Brown.png using Guid(acf5c2cabd6f53f4dbcf732e848ce691) Importer(815301076,1909f56bfc062723c751e8b465ee728b)  -> (artifact id: 'd5b3b5791f6fb33daf265a196552dd56') in 0.040599 seconds
Number of updated asset objects reloaded before import = 0
Number of asset objects unloaded after import = 2
========================================================================
Received Import Request.
  Time since last request: 0.000021 seconds.
  path: Assets/ななは/Lowell/Texture/Hair/Blue.png
  artifactKey: Guid(fb0d59cdeb4bd90448454185764ffe76) Importer(815301076,1909f56bfc062723c751e8b465ee728b)
Start importing Assets/ななは/Lowell/Texture/Hair/Blue.png using Guid(fb0d59cdeb4bd90448454185764ffe76) Importer(815301076,1909f56bfc062723c751e8b465ee728b)  -> (artifact id: '60f1500fa70a3dd96977a4a687b9ee91') in 0.015946 seconds
Number of updated asset objects reloaded before import = 0
Number of asset objects unloaded after import = 2
========================================================================
Received Import Request.
  Time since last request: 0.000018 seconds.
  path: Assets/ななは/Lowell/Texture/Hair/Brown.png
  artifactKey: Guid(0ff6a23c68cb130488dc283afa168a42) Importer(815301076,1909f56bfc062723c751e8b465ee728b)
Start importing Assets/ななは/Lowell/Texture/Hair/Brown.png using Guid(0ff6a23c68cb130488dc283afa168a42) Importer(815301076,1909f56bfc062723c751e8b465ee728b)  -> (artifact id: 'c81883eaeb550c17323756f475e3f055') in 0.036329 seconds
Number of updated asset objects reloaded before import = 0
Number of asset objects unloaded after import = 2
========================================================================
Received Import Request.
  Time since last request: 0.000020 seconds.
  path: Assets/ななは/Lowell/Texture/Hair/Green.png
  artifactKey: Guid(bf2287577dbca7c4faeba6a82c4bb335) Importer(815301076,1909f56bfc062723c751e8b465ee728b)
Start importing Assets/ななは/Lowell/Texture/Hair/Green.png using Guid(bf2287577dbca7c4faeba6a82c4bb335) Importer(815301076,1909f56bfc062723c751e8b465ee728b)  -> (artifact id: '74312344a3a82e8b213f78a30ce7ecae') in 0.020382 seconds
Number of updated asset objects reloaded before import = 0
Number of asset objects unloaded after import = 2
========================================================================
Received Import Request.
  Time since last request: 0.000022 seconds.
  path: Assets/ななは/Lowell/Texture/Hair/Orange.png
  artifactKey: Guid(afdbc476ffc3eed4d951914f04b3f4d9) Importer(815301076,1909f56bfc062723c751e8b465ee728b)
Start importing Assets/ななは/Lowell/Texture/Hair/Orange.png using Guid(afdbc476ffc3eed4d951914f04b3f4d9) Importer(815301076,1909f56bfc062723c751e8b465ee728b)  -> (artifact id: '0dd3097594a62f52f34a873a7a7f1347') in 0.044189 seconds
Number of updated asset objects reloaded before import = 0
Number of asset objects unloaded after import = 2
========================================================================
Received Import Request.
  Time since last request: 0.000024 seconds.
  path: Assets/ななは/Lowell/Texture/Hair/Red.png
  artifactKey: Guid(a6c07325ca4be6f4eb95598505225aa6) Importer(815301076,1909f56bfc062723c751e8b465ee728b)
Start importing Assets/ななは/Lowell/Texture/Hair/Red.png using Guid(a6c07325ca4be6f4eb95598505225aa6) Importer(815301076,1909f56bfc062723c751e8b465ee728b)  -> (artifact id: '732aa815d3bfec00a5b7778cf18605ad') in 0.018530 seconds
Number of updated asset objects reloaded before import = 0
Number of asset objects unloaded after import = 2
========================================================================
Received Import Request.
  Time since last request: 0.000026 seconds.
  path: Assets/ななは/Lowell/Texture/Hair/Sliver.png
  artifactKey: Guid(5e04217fd221fe545bbb482665b646b1) Importer(815301076,1909f56bfc062723c751e8b465ee728b)
Start importing Assets/ななは/Lowell/Texture/Hair/Sliver.png using Guid(5e04217fd221fe545bbb482665b646b1) Importer(815301076,1909f56bfc062723c751e8b465ee728b)  -> (artifact id: '895a0e5ce5b12c617cb07e0a68220635') in 0.022071 seconds
Number of updated asset objects reloaded before import = 0
Number of asset objects unloaded after import = 2
========================================================================
Received Import Request.
  Time since last request: 0.000020 seconds.
  path: Assets/ななは/Lowell/Texture/Hair/Dark_Pink.png
  artifactKey: Guid(227c3280991cc88409527246f2479fed) Importer(815301076,1909f56bfc062723c751e8b465ee728b)
Start importing Assets/ななは/Lowell/Texture/Hair/Dark_Pink.png using Guid(227c3280991cc88409527246f2479fed) Importer(815301076,1909f56bfc062723c751e8b465ee728b)  -> (artifact id: '26d09e89d37f7847369aa28e0dffb965') in 0.018086 seconds
Number of updated asset objects reloaded before import = 0
Number of asset objects unloaded after import = 2
========================================================================
Received Import Request.
  Time since last request: 0.000021 seconds.
  path: Assets/ななは/Lowell/Texture/Hair/Black.png
  artifactKey: Guid(d14b044484fadb947a24c60fc32952d6) Importer(815301076,1909f56bfc062723c751e8b465ee728b)
Start importing Assets/ななは/Lowell/Texture/Hair/Black.png using Guid(d14b044484fadb947a24c60fc32952d6) Importer(815301076,1909f56bfc062723c751e8b465ee728b)  -> (artifact id: '639f882479dc17117d6937b369f64156') in 0.019635 seconds
Number of updated asset objects reloaded before import = 0
Number of asset objects unloaded after import = 2
Editor requested this worker to shutdown with reason: Scaling down because of idle timeout
TcpMessagingSession - receive error: operation aborted. errorcode: 995, details: The I/O operation has been aborted because of either a thread exit or an application request.
AssetImportWorker is now disconnected from the server
Process exiting
Exiting without the bug reporter. Application will terminate with return code 0