Using pre-set license
Built from '2022.3/staging' branch; Version is '2022.3.22f1 (887be4894c44) revision 8944612'; Using compiler version '192829333'; Build Type 'Release'
OS: 'Windows 10  (10.0.19045) 64bit Core' Language: 'en' Physical Memory: 40895 MB
BatchMode: 1, IsHumanControllingUs: 0, StartBugReporterOnCrash: 0, Is64bit: 1, IsPro: 1

COMMAND LINE ARGUMENTS:
C:\Program Files\Unity\Hub\Editor\2022.3.22f1\Editor\Unity.exe
-adb2
-batchMode
-noUpm
-name
AssetImportWorker5
-projectPath
E:/VR things/VRchatChars/Chiffon Hazelnut
-logFile
Logs/AssetImportWorker5.log
-srvPort
50843
Successfully changed project path to: E:/VR things/VRchatChars/Chiffon Hazelnut
E:/VR things/VRchatChars/Chiffon Hazelnut
[UnityMemory] Configuration Parameters - Can be set up in boot.config
    "memorysetup-bucket-allocator-granularity=16"
    "memorysetup-bucket-allocator-bucket-count=8"
    "memorysetup-bucket-allocator-block-size=33554432"
    "memorysetup-bucket-allocator-block-count=8"
    "memorysetup-main-allocator-block-size=16777216"
    "memorysetup-thread-allocator-block-size=16777216"
    "memorysetup-gfx-main-allocator-block-size=16777216"
    "memorysetup-gfx-thread-allocator-block-size=16777216"
    "memorysetup-cache-allocator-block-size=4194304"
    "memorysetup-typetree-allocator-block-size=2097152"
    "memorysetup-profiler-bucket-allocator-granularity=16"
    "memorysetup-profiler-bucket-allocator-bucket-count=8"
    "memorysetup-profiler-bucket-allocator-block-size=33554432"
    "memorysetup-profiler-bucket-allocator-block-count=8"
    "memorysetup-profiler-allocator-block-size=16777216"
    "memorysetup-profiler-editor-allocator-block-size=1048576"
    "memorysetup-temp-allocator-size-main=16777216"
    "memorysetup-job-temp-allocator-block-size=2097152"
    "memorysetup-job-temp-allocator-block-size-background=1048576"
    "memorysetup-job-temp-allocator-reduction-small-platforms=262144"
    "memorysetup-allocator-temp-initial-block-size-main=262144"
    "memorysetup-allocator-temp-initial-block-size-worker=262144"
    "memorysetup-temp-allocator-size-background-worker=32768"
    "memorysetup-temp-allocator-size-job-worker=262144"
    "memorysetup-temp-allocator-size-preload-manager=33554432"
    "memorysetup-temp-allocator-size-nav-mesh-worker=65536"
    "memorysetup-temp-allocator-size-audio-worker=65536"
    "memorysetup-temp-allocator-size-cloud-worker=32768"
    "memorysetup-temp-allocator-size-gi-baking-worker=262144"
    "memorysetup-temp-allocator-size-gfx=262144"
Player connection [11176] Host "[IP] 192.168.1.67 [Port] 0 [Flags] 2 [Guid] 3178245549 [EditorId] 3178245549 [Version] 1048832 [Id] WindowsEditor(7,Nidalee) [Debug] 1 [PackageName] WindowsEditor [ProjectName] Editor" joined multi-casting on [225.0.0.222:54997]...

Player connection [11176] Host "[IP] 192.168.1.67 [Port] 0 [Flags] 2 [Guid] 3178245549 [EditorId] 3178245549 [Version] 1048832 [Id] WindowsEditor(7,Nidalee) [Debug] 1 [PackageName] WindowsEditor [ProjectName] Editor" joined alternative multi-casting on [225.0.0.222:34997]...

[Physics::Module] Initialized MultithreadedJobDispatcher with 11 workers.
Refreshing native plugins compatible for Editor in 41.39 ms, found 4 plugins.
Preloading 2 native plugins for Editor in 1.63 ms.
Initialize engine version: 2022.3.22f1 (887be4894c44)
[Subsystems] Discovering subsystems at path C:/Program Files/Unity/Hub/Editor/2022.3.22f1/Editor/Data/Resources/UnitySubsystems
[Subsystems] Discovering subsystems at path E:/VR things/VRchatChars/Chiffon Hazelnut/Assets
GfxDevice: creating device client; threaded=0; jobified=0
Direct3D:
    Version:  Direct3D 11.0 [level 11.1]
    Renderer: NVIDIA GeForce GTX 1660 Ti (ID=0x2182)
    Vendor:   NVIDIA
    VRAM:     5966 MB
    Driver:   32.0.15.6094
Initialize mono
Mono path[0] = 'C:/Program Files/Unity/Hub/Editor/2022.3.22f1/Editor/Data/Managed'
Mono path[1] = 'C:/Program Files/Unity/Hub/Editor/2022.3.22f1/Editor/Data/MonoBleedingEdge/lib/mono/unityjit-win32'
Mono config path = 'C:/Program Files/Unity/Hub/Editor/2022.3.22f1/Editor/Data/MonoBleedingEdge/etc'
Using monoOptions --debugger-agent=transport=dt_socket,embedding=1,server=y,suspend=n,address=127.0.0.1:56328
Begin MonoManager ReloadAssembly
Registering precompiled unity dll's ...
Register platform support module: C:/Program Files/Unity/Hub/Editor/2022.3.22f1/Editor/Data/PlaybackEngines/WindowsStandaloneSupport/UnityEditor.WindowsStandalone.Extensions.dll
Registered in 0.017578 seconds.
- Loaded All Assemblies, in  0.465 seconds
Native extension for WindowsStandalone target not found
Mono: successfully reloaded assembly
- Finished resetting the current domain, in  0.336 seconds
Domain Reload Profiling: 797ms
	BeginReloadAssembly (148ms)
		ExecutionOrderSort (0ms)
		DisableScriptedObjects (0ms)
		BackupInstance (0ms)
		ReleaseScriptingObjects (0ms)
		CreateAndSetChildDomain (1ms)
	RebuildCommonClasses (49ms)
	RebuildNativeTypeToScriptingClass (13ms)
	initialDomainReloadingComplete (89ms)
	LoadAllAssembliesAndSetupDomain (162ms)
		LoadAssemblies (143ms)
		RebuildTransferFunctionScriptingTraits (0ms)
		AnalyzeDomain (160ms)
			TypeCache.Refresh (158ms)
				TypeCache.ScanAssembly (144ms)
			ScanForSourceGeneratedMonoScriptInfo (0ms)
			ResolveRequiredComponents (1ms)
	FinalizeReload (336ms)
		ReleaseScriptCaches (0ms)
		RebuildScriptCaches (0ms)
		SetupLoadedEditorAssemblies (266ms)
			LogAssemblyErrors (0ms)
			InitializePlatformSupportModulesInManaged (14ms)
			SetLoadedEditorAssemblies (8ms)
			RefreshPlugins (0ms)
			BeforeProcessingInitializeOnLoad (3ms)
			ProcessInitializeOnLoadAttributes (179ms)
			ProcessInitializeOnLoadMethodAttributes (61ms)
			AfterProcessingInitializeOnLoad (0ms)
			EditorAssembliesLoaded (0ms)
		ExecutionOrderSort2 (0ms)
		AwakeInstancesAfterBackupRestoration (0ms)
========================================================================
Worker process is ready to serve import requests
Begin MonoManager ReloadAssembly
- Loaded All Assemblies, in  0.922 seconds
Refreshing native plugins compatible for Editor in 16.13 ms, found 4 plugins.
Native extension for WindowsStandalone target not found
Package Manager log level set to [2]
[Package Manager] Server::EnsureServerProcessIsRunning -- launch failed, reason: Unity was launched with the -noUpm command-line argument
[Package Manager] UpmClient::Send -- Unable to send message (not connected to UPM process).
[Package Manager] Cannot connect to Unity Package Manager local server
System.Reflection.TargetInvocationException: Exception has been thrown by the target of an invocation. ---> System.NullReferenceException: Object reference not set to an instance of an object
  at Unity.XR.Oculus.OculusLoader.AssetPathToAbsolutePath (System.String assetPath) [0x00040] in .\Library\PackageCache\com.unity.xr.oculus@4.2.0\Runtime\OculusLoader.cs:298 
  at Unity.XR.Oculus.OculusLoader.EditorLoadOVRPlugin () [0x0008c] in .\Library\PackageCache\com.unity.xr.oculus@4.2.0\Runtime\OculusLoader.cs:283 
  at (wrapper managed-to-native) System.Reflection.RuntimeMethodInfo.InternalInvoke(System.Reflection.RuntimeMethodInfo,object,object[],System.Exception&)
  at System.Reflection.RuntimeMethodInfo.Invoke (System.Object obj, System.Reflection.BindingFlags invokeAttr, System.Reflection.Binder binder, System.Object[] parameters, System.Globalization.CultureInfo culture) [0x0006a] in <27124aa0e30a41659b903b822b959bc7>:0 
   --- End of inner exception stack trace ---
  at System.Reflection.RuntimeMethodInfo.Invoke (System.Object obj, System.Reflection.BindingFlags invokeAttr, System.Reflection.Binder binder, System.Object[] parameters, System.Globalization.CultureInfo culture) [0x00083] in <27124aa0e30a41659b903b822b959bc7>:0 
  at System.Reflection.MethodBase.Invoke (System.Object obj, System.Object[] parameters) [0x00000] in <27124aa0e30a41659b903b822b959bc7>:0 
  at UnityEditor.EditorAssemblies.ProcessInitializeOnLoadMethodAttributes () [0x000a5] in <80a8ce1980c648dca8e68f0d8aa3b930>:0 
UnityEngine.StackTraceUtility:ExtractStackTrace ()
UnityEngine.DebugLogHandler:LogFormat (UnityEngine.LogType,UnityEngine.Object,string,object[])
UnityEngine.Logger:Log (UnityEngine.LogType,object)
UnityEngine.Debug:LogError (object)
UnityEditor.EditorAssemblies:ProcessInitializeOnLoadMethodAttributes ()

Mono: successfully reloaded assembly
[Package Manager] Server::EnsureServerProcessIsRunning -- launch failed, reason: Unity was launched with the -noUpm command-line argument
[Package Manager] UpmClient::Send -- Unable to send message (not connected to UPM process).
[Package Manager] Cannot connect to Unity Package Manager local server
[Package Manager] Server::EnsureServerProcessIsRunning -- launch failed, reason: Unity was launched with the -noUpm command-line argument
[Package Manager] UpmClient::Send -- Unable to send message (not connected to UPM process).
[Package Manager] Cannot connect to Unity Package Manager local server
- Finished resetting the current domain, in  3.297 seconds
Domain Reload Profiling: 4214ms
	BeginReloadAssembly (188ms)
		ExecutionOrderSort (0ms)
		DisableScriptedObjects (7ms)
		BackupInstance (0ms)
		ReleaseScriptingObjects (0ms)
		CreateAndSetChildDomain (23ms)
	RebuildCommonClasses (45ms)
	RebuildNativeTypeToScriptingClass (13ms)
	initialDomainReloadingComplete (55ms)
	LoadAllAssembliesAndSetupDomain (615ms)
		LoadAssemblies (482ms)
		RebuildTransferFunctionScriptingTraits (0ms)
		AnalyzeDomain (246ms)
			TypeCache.Refresh (209ms)
				TypeCache.ScanAssembly (187ms)
			ScanForSourceGeneratedMonoScriptInfo (28ms)
			ResolveRequiredComponents (8ms)
	FinalizeReload (3298ms)
		ReleaseScriptCaches (0ms)
		RebuildScriptCaches (0ms)
		SetupLoadedEditorAssemblies (3100ms)
			LogAssemblyErrors (0ms)
			InitializePlatformSupportModulesInManaged (13ms)
			SetLoadedEditorAssemblies (7ms)
			RefreshPlugins (0ms)
			BeforeProcessingInitializeOnLoad (109ms)
			ProcessInitializeOnLoadAttributes (664ms)
			ProcessInitializeOnLoadMethodAttributes (2290ms)
			AfterProcessingInitializeOnLoad (17ms)
			EditorAssembliesLoaded (0ms)
		ExecutionOrderSort2 (0ms)
		AwakeInstancesAfterBackupRestoration (7ms)
Launched and connected shader compiler UnityShaderCompiler.exe after 0.06 seconds
Refreshing native plugins compatible for Editor in 17.53 ms, found 4 plugins.
Preloading 2 native plugins for Editor in 0.09 ms.
Unloading 3124 Unused Serialized files (Serialized files now loaded: 0)
Unloading 142 unused Assets / (11.5 MB). Loaded Objects now: 3632.
Memory consumption went from 187.3 MB to 175.8 MB.
Total: 10.152200 ms (FindLiveObjects: 0.500800 ms CreateObjectMapping: 0.185000 ms MarkObjects: 5.035900 ms  DeleteObjects: 4.428600 ms)

AssetImportParameters requested are different than current active one (requested -> active):
  custom:video-decoder-webm-vp8: 9c59270c3fd7afecdb556c50c9e8de78 -> 
  custom:SearchIndexIgnoredProperties: e643bd26f0fe6173181afceb89e7c659 -> 
  custom:container-demuxer-ogg: 62fdf1f143b41e24485cea50d1cbac27 -> 
  custom:AudioImporter_EditorPlatform: d09bf68614088b80899f8185d706f6e7 -> 
  custom:video-decoder-ogg-theora: a1e56fd34408186e4bbccfd4996cb3dc -> 
  custom:framework-win-MediaFoundation: 216162199b28c13a410421893ffa2e32 -> 
  custom:video-encoder-webm-vp8: eb34c28f22e8b96e1ab97ce403110664 -> 
  custom:audio-decoder-ogg-vorbis: bf7c407c2cedff20999df2af8eb42d56 -> 
  custom:CustomObjectIndexerAttribute: 9a22284fe3817be447336de3de66b15e -> 
  custom:container-demuxer-webm: 4f35f7cbe854078d1ac9338744f61a02 -> 
  custom:audio-encoder-webm-vorbis: bf7c407c2cedff20999df2af8eb42d56 -> 
  custom:container-muxer-webm: aa71ff27fc2769a1b78a27578f13a17b -> 
========================================================================
Received Import Request.
  Time since last request: 256430.643662 seconds.
  path: Assets/Studio_literature_Ishtar/Philosophy/texture/mask/B_emittion.png
  artifactKey: Guid(05ef63ce0c4e8a44d95645e6e52b5ddc) Importer(815301076,1909f56bfc062723c751e8b465ee728b)
Start importing Assets/Studio_literature_Ishtar/Philosophy/texture/mask/B_emittion.png using Guid(05ef63ce0c4e8a44d95645e6e52b5ddc) Importer(815301076,1909f56bfc062723c751e8b465ee728b)  -> (artifact id: '888e65ac61bd7d4609db1ee20907e251') in 0.083847 seconds
Number of updated asset objects reloaded before import = 0
Number of asset objects unloaded after import = 2
========================================================================
Received Import Request.
  Time since last request: 0.070983 seconds.
  path: Assets/Amatousagi/Chiffon/Animation/icon/Attach_Icon/Bottoms.png
  artifactKey: Guid(e7a46d6a84c5139479e3cd9ba35422a8) Importer(815301076,1909f56bfc062723c751e8b465ee728b)
Start importing Assets/Amatousagi/Chiffon/Animation/icon/Attach_Icon/Bottoms.png using Guid(e7a46d6a84c5139479e3cd9ba35422a8) Importer(815301076,1909f56bfc062723c751e8b465ee728b)  -> (artifact id: '07ed76d6dd121de5f5c940f7e2ff1063') in 0.015504 seconds
Number of updated asset objects reloaded before import = 0
Number of asset objects unloaded after import = 2
========================================================================
Received Import Request.
  Time since last request: 0.724108 seconds.
  path: Assets/Studio_literature_Ishtar/Philosophy/texture/base_color/01_color/B_basecolor.png
  artifactKey: Guid(9afd204b4025eb441959e91dec97d6a6) Importer(815301076,1909f56bfc062723c751e8b465ee728b)
Start importing Assets/Studio_literature_Ishtar/Philosophy/texture/base_color/01_color/B_basecolor.png using Guid(9afd204b4025eb441959e91dec97d6a6) Importer(815301076,1909f56bfc062723c751e8b465ee728b)  -> (artifact id: '91899e4b555112becebb81c6bf055eac') in 0.019798 seconds
Number of updated asset objects reloaded before import = 0
Number of asset objects unloaded after import = 2
========================================================================
Received Import Request.
  Time since last request: 0.019500 seconds.
  path: Assets/MAYBE's Booth/Offshoulder top dress/TEX/all black.png
  artifactKey: Guid(3612949d92d52f444923c235ea4da0c7) Importer(815301076,1909f56bfc062723c751e8b465ee728b)
Start importing Assets/MAYBE's Booth/Offshoulder top dress/TEX/all black.png using Guid(3612949d92d52f444923c235ea4da0c7) Importer(815301076,1909f56bfc062723c751e8b465ee728b)  -> (artifact id: 'f1a6199ab2120505c056666cb78cd21f') in 0.019321 seconds
Number of updated asset objects reloaded before import = 0
Number of asset objects unloaded after import = 2
========================================================================
Received Import Request.
  Time since last request: 0.399306 seconds.
  path: Assets/Studio_literature_Ishtar/Philosophy/texture/base_color/EX_color/A_basecolor _lace.png
  artifactKey: Guid(578e5de23d601bc4b8732149ad54f1eb) Importer(815301076,1909f56bfc062723c751e8b465ee728b)
Start importing Assets/Studio_literature_Ishtar/Philosophy/texture/base_color/EX_color/A_basecolor _lace.png using Guid(578e5de23d601bc4b8732149ad54f1eb) Importer(815301076,1909f56bfc062723c751e8b465ee728b)  -> (artifact id: '4959f15c516676ebd6faf8cfa09de11b') in 0.210697 seconds
Number of updated asset objects reloaded before import = 0
Number of asset objects unloaded after import = 2
========================================================================
Received Import Request.
  Time since last request: 0.000044 seconds.
  path: Assets/Studio_literature_Ishtar/Philosophy/texture/mask/A_mask.png
  artifactKey: Guid(a63d250bce1538d4f9f2c5c316db4207) Importer(815301076,1909f56bfc062723c751e8b465ee728b)
Start importing Assets/Studio_literature_Ishtar/Philosophy/texture/mask/A_mask.png using Guid(a63d250bce1538d4f9f2c5c316db4207) Importer(815301076,1909f56bfc062723c751e8b465ee728b)  -> (artifact id: '95a84e60d7f538d9e19e625c3e22a19f') in 0.028572 seconds
Number of updated asset objects reloaded before import = 0
Number of asset objects unloaded after import = 2
========================================================================
Received Import Request.
  Time since last request: 5.380315 seconds.
  path: Assets/Amatousagi/Chiffon/Texture/Kaihen/Kaihen_Mask/Chiffon_Hair_Kaihen_color.png
  artifactKey: Guid(b9c38b959c208ea4e88f9294cf1dbfa8) Importer(815301076,1909f56bfc062723c751e8b465ee728b)
Start importing Assets/Amatousagi/Chiffon/Texture/Kaihen/Kaihen_Mask/Chiffon_Hair_Kaihen_color.png using Guid(b9c38b959c208ea4e88f9294cf1dbfa8) Importer(815301076,1909f56bfc062723c751e8b465ee728b)  -> (artifact id: '577fc825237a8ccefe0fffa6542bc051') in 0.008212 seconds
Number of updated asset objects reloaded before import = 0
Number of asset objects unloaded after import = 2
========================================================================
Received Import Request.
  Time since last request: 4.909782 seconds.
  path: Assets/Amatousagi/Chiffon/Animation/icon/Face_icon/guruguru.png
  artifactKey: Guid(32f5b8baf5ce52c4b94a0c83c9343038) Importer(815301076,1909f56bfc062723c751e8b465ee728b)
Start importing Assets/Amatousagi/Chiffon/Animation/icon/Face_icon/guruguru.png using Guid(32f5b8baf5ce52c4b94a0c83c9343038) Importer(815301076,1909f56bfc062723c751e8b465ee728b)  -> (artifact id: '354f1f2ffae1c3989d837fc50bb90a8b') in 0.015636 seconds
Number of updated asset objects reloaded before import = 0
Number of asset objects unloaded after import = 2
========================================================================
Received Import Request.
  Time since last request: 0.000022 seconds.
  path: Assets/Amatousagi/Chiffon/Texture/Mask/Hair_RimMask.png
  artifactKey: Guid(2583f63a17a79c74d9a931996f3582f2) Importer(815301076,1909f56bfc062723c751e8b465ee728b)
Start importing Assets/Amatousagi/Chiffon/Texture/Mask/Hair_RimMask.png using Guid(2583f63a17a79c74d9a931996f3582f2) Importer(815301076,1909f56bfc062723c751e8b465ee728b)  -> (artifact id: '08a7f1a15ccb690c94583ea1f4a8a42a') in 0.015866 seconds
Number of updated asset objects reloaded before import = 0
Number of asset objects unloaded after import = 2
========================================================================
Received Import Request.
  Time since last request: 11.698803 seconds.
  path: Assets/GoGo/GoLoco/Icons/IconPose/icon_sit_apart_in.PNG
  artifactKey: Guid(36cc7556cdf6fd744aaca149061240ec) Importer(815301076,1909f56bfc062723c751e8b465ee728b)
Start importing Assets/GoGo/GoLoco/Icons/IconPose/icon_sit_apart_in.PNG using Guid(36cc7556cdf6fd744aaca149061240ec) Importer(815301076,1909f56bfc062723c751e8b465ee728b)  -> (artifact id: 'cc5ee186fd98406fb3ee6967f61ead98') in 0.058327 seconds
Number of updated asset objects reloaded before import = 0
Number of asset objects unloaded after import = 3
========================================================================
Received Import Request.
  Time since last request: 0.899527 seconds.
  path: Assets/GoGo/GoLoco/Icons/IconPose/icon_sit_layback_one_leg_sided.PNG
  artifactKey: Guid(ff9b8b025ba5bb640a521fa998bef328) Importer(815301076,1909f56bfc062723c751e8b465ee728b)
Start importing Assets/GoGo/GoLoco/Icons/IconPose/icon_sit_layback_one_leg_sided.PNG using Guid(ff9b8b025ba5bb640a521fa998bef328) Importer(815301076,1909f56bfc062723c751e8b465ee728b)  -> (artifact id: '7dd800b65c37cfc7e935f81778512afb') in 0.021556 seconds
Number of updated asset objects reloaded before import = 0
Number of asset objects unloaded after import = 3
========================================================================
Received Import Request.
  Time since last request: 0.374218 seconds.
  path: Assets/GoGo/GoLoco/Icons/IconPose/icon_sit_straight_cute_spread.PNG
  artifactKey: Guid(e01c5f7f66556b24597c80f4d9f9b02f) Importer(815301076,1909f56bfc062723c751e8b465ee728b)
Start importing Assets/GoGo/GoLoco/Icons/IconPose/icon_sit_straight_cute_spread.PNG using Guid(e01c5f7f66556b24597c80f4d9f9b02f) Importer(815301076,1909f56bfc062723c751e8b465ee728b)  -> (artifact id: '400f3cbbc5cda1190a5fa95a823783a1') in 0.021619 seconds
Number of updated asset objects reloaded before import = 0
Number of asset objects unloaded after import = 3
========================================================================
Received Import Request.
  Time since last request: 0.303337 seconds.
  path: Assets/GoGo/GoLoco/Icons/IconPose/icon_stand.PNG
  artifactKey: Guid(3c8f034d0a852284aa1a5462bac87942) Importer(815301076,1909f56bfc062723c751e8b465ee728b)
Start importing Assets/GoGo/GoLoco/Icons/IconPose/icon_stand.PNG using Guid(3c8f034d0a852284aa1a5462bac87942) Importer(815301076,1909f56bfc062723c751e8b465ee728b)  -> (artifact id: 'ea72addcdfb73d80523f7d894d619a8d') in 0.025736 seconds
Number of updated asset objects reloaded before import = 0
Number of asset objects unloaded after import = 3
Editor requested this worker to shutdown with reason: Scaling down because of idle timeout
TcpMessagingSession - receive error: operation aborted. errorcode: 995, details: The I/O operation has been aborted because of either a thread exit or an application request.
AssetImportWorker is now disconnected from the server
Process exiting
Exiting without the bug reporter. Application will terminate with return code 0