Using pre-set license
Built from '2022.3/staging' branch; Version is '2022.3.22f1 (887be4894c44) revision 8944612'; Using compiler version '192829333'; Build Type 'Release'
OS: 'Windows 10  (10.0.19045) 64bit Core' Language: 'en' Physical Memory: 40895 MB
BatchMode: 1, IsHumanControllingUs: 0, StartBugReporterOnCrash: 0, Is64bit: 1, IsPro: 1

COMMAND LINE ARGUMENTS:
C:\Program Files\Unity\Hub\Editor\2022.3.22f1\Editor\Unity.exe
-adb2
-batchMode
-noUpm
-name
AssetImportWorker2
-projectPath
E:/VR things/VRchatChars/Chiffon
-logFile
Logs/AssetImportWorker2.log
-srvPort
50470
Successfully changed project path to: E:/VR things/VRchatChars/Chiffon
E:/VR things/VRchatChars/Chiffon
[UnityMemory] Configuration Parameters - Can be set up in boot.config
    "memorysetup-bucket-allocator-granularity=16"
    "memorysetup-bucket-allocator-bucket-count=8"
    "memorysetup-bucket-allocator-block-size=33554432"
    "memorysetup-bucket-allocator-block-count=8"
    "memorysetup-main-allocator-block-size=16777216"
    "memorysetup-thread-allocator-block-size=16777216"
    "memorysetup-gfx-main-allocator-block-size=16777216"
    "memorysetup-gfx-thread-allocator-block-size=16777216"
    "memorysetup-cache-allocator-block-size=4194304"
    "memorysetup-typetree-allocator-block-size=2097152"
    "memorysetup-profiler-bucket-allocator-granularity=16"
    "memorysetup-profiler-bucket-allocator-bucket-count=8"
    "memorysetup-profiler-bucket-allocator-block-size=33554432"
    "memorysetup-profiler-bucket-allocator-block-count=8"
    "memorysetup-profiler-allocator-block-size=16777216"
    "memorysetup-profiler-editor-allocator-block-size=1048576"
    "memorysetup-temp-allocator-size-main=16777216"
    "memorysetup-job-temp-allocator-block-size=2097152"
    "memorysetup-job-temp-allocator-block-size-background=1048576"
    "memorysetup-job-temp-allocator-reduction-small-platforms=262144"
    "memorysetup-allocator-temp-initial-block-size-main=262144"
    "memorysetup-allocator-temp-initial-block-size-worker=262144"
    "memorysetup-temp-allocator-size-background-worker=32768"
    "memorysetup-temp-allocator-size-job-worker=262144"
    "memorysetup-temp-allocator-size-preload-manager=33554432"
    "memorysetup-temp-allocator-size-nav-mesh-worker=65536"
    "memorysetup-temp-allocator-size-audio-worker=65536"
    "memorysetup-temp-allocator-size-cloud-worker=32768"
    "memorysetup-temp-allocator-size-gi-baking-worker=262144"
    "memorysetup-temp-allocator-size-gfx=262144"
Player connection [6080] Host "[IP] 192.168.1.67 [Port] 0 [Flags] 2 [Guid] 486104613 [EditorId] 486104613 [Version] 1048832 [Id] WindowsEditor(7,Nidalee) [Debug] 1 [PackageName] WindowsEditor [ProjectName] Editor" joined multi-casting on [225.0.0.222:54997]...

Player connection [6080] Host "[IP] 192.168.1.67 [Port] 0 [Flags] 2 [Guid] 486104613 [EditorId] 486104613 [Version] 1048832 [Id] WindowsEditor(7,Nidalee) [Debug] 1 [PackageName] WindowsEditor [ProjectName] Editor" joined alternative multi-casting on [225.0.0.222:34997]...

[Physics::Module] Initialized MultithreadedJobDispatcher with 11 workers.
Refreshing native plugins compatible for Editor in 47.87 ms, found 4 plugins.
Preloading 2 native plugins for Editor in 1.86 ms.
Initialize engine version: 2022.3.22f1 (887be4894c44)
[Subsystems] Discovering subsystems at path C:/Program Files/Unity/Hub/Editor/2022.3.22f1/Editor/Data/Resources/UnitySubsystems
[Subsystems] Discovering subsystems at path E:/VR things/VRchatChars/Chiffon/Assets
GfxDevice: creating device client; threaded=0; jobified=0
Direct3D:
    Version:  Direct3D 11.0 [level 11.1]
    Renderer: NVIDIA GeForce GTX 1660 Ti (ID=0x2182)
    Vendor:   NVIDIA
    VRAM:     5966 MB
    Driver:   32.0.15.6094
Initialize mono
Mono path[0] = 'C:/Program Files/Unity/Hub/Editor/2022.3.22f1/Editor/Data/Managed'
Mono path[1] = 'C:/Program Files/Unity/Hub/Editor/2022.3.22f1/Editor/Data/MonoBleedingEdge/lib/mono/unityjit-win32'
Mono config path = 'C:/Program Files/Unity/Hub/Editor/2022.3.22f1/Editor/Data/MonoBleedingEdge/etc'
Using monoOptions --debugger-agent=transport=dt_socket,embedding=1,server=y,suspend=n,address=127.0.0.1:56508
Begin MonoManager ReloadAssembly
Registering precompiled unity dll's ...
Register platform support module: C:/Program Files/Unity/Hub/Editor/2022.3.22f1/Editor/Data/PlaybackEngines/WindowsStandaloneSupport/UnityEditor.WindowsStandalone.Extensions.dll
Registered in 0.018665 seconds.
- Loaded All Assemblies, in  0.507 seconds
Native extension for WindowsStandalone target not found
Mono: successfully reloaded assembly
- Finished resetting the current domain, in  0.350 seconds
Domain Reload Profiling: 852ms
	BeginReloadAssembly (156ms)
		ExecutionOrderSort (0ms)
		DisableScriptedObjects (0ms)
		BackupInstance (0ms)
		ReleaseScriptingObjects (0ms)
		CreateAndSetChildDomain (1ms)
	RebuildCommonClasses (46ms)
	RebuildNativeTypeToScriptingClass (17ms)
	initialDomainReloadingComplete (100ms)
	LoadAllAssembliesAndSetupDomain (182ms)
		LoadAssemblies (150ms)
		RebuildTransferFunctionScriptingTraits (0ms)
		AnalyzeDomain (179ms)
			TypeCache.Refresh (177ms)
				TypeCache.ScanAssembly (163ms)
			ScanForSourceGeneratedMonoScriptInfo (0ms)
			ResolveRequiredComponents (1ms)
	FinalizeReload (351ms)
		ReleaseScriptCaches (0ms)
		RebuildScriptCaches (0ms)
		SetupLoadedEditorAssemblies (274ms)
			LogAssemblyErrors (0ms)
			InitializePlatformSupportModulesInManaged (15ms)
			SetLoadedEditorAssemblies (9ms)
			RefreshPlugins (0ms)
			BeforeProcessingInitializeOnLoad (3ms)
			ProcessInitializeOnLoadAttributes (187ms)
			ProcessInitializeOnLoadMethodAttributes (61ms)
			AfterProcessingInitializeOnLoad (0ms)
			EditorAssembliesLoaded (0ms)
		ExecutionOrderSort2 (0ms)
		AwakeInstancesAfterBackupRestoration (0ms)
========================================================================
Worker process is ready to serve import requests
Begin MonoManager ReloadAssembly
- Loaded All Assemblies, in  1.062 seconds
Refreshing native plugins compatible for Editor in 18.46 ms, found 4 plugins.
Native extension for WindowsStandalone target not found
Package Manager log level set to [2]
[Package Manager] Server::EnsureServerProcessIsRunning -- launch failed, reason: Unity was launched with the -noUpm command-line argument
[Package Manager] UpmClient::Send -- Unable to send message (not connected to UPM process).
[Package Manager] Cannot connect to Unity Package Manager local server
System.Reflection.TargetInvocationException: Exception has been thrown by the target of an invocation. ---> System.NullReferenceException: Object reference not set to an instance of an object
  at Unity.XR.Oculus.OculusLoader.AssetPathToAbsolutePath (System.String assetPath) [0x00040] in .\Library\PackageCache\com.unity.xr.oculus@4.2.0\Runtime\OculusLoader.cs:298 
  at Unity.XR.Oculus.OculusLoader.EditorLoadOVRPlugin () [0x0008c] in .\Library\PackageCache\com.unity.xr.oculus@4.2.0\Runtime\OculusLoader.cs:283 
  at (wrapper managed-to-native) System.Reflection.RuntimeMethodInfo.InternalInvoke(System.Reflection.RuntimeMethodInfo,object,object[],System.Exception&)
  at System.Reflection.RuntimeMethodInfo.Invoke (System.Object obj, System.Reflection.BindingFlags invokeAttr, System.Reflection.Binder binder, System.Object[] parameters, System.Globalization.CultureInfo culture) [0x0006a] in <27124aa0e30a41659b903b822b959bc7>:0 
   --- End of inner exception stack trace ---
  at System.Reflection.RuntimeMethodInfo.Invoke (System.Object obj, System.Reflection.BindingFlags invokeAttr, System.Reflection.Binder binder, System.Object[] parameters, System.Globalization.CultureInfo culture) [0x00083] in <27124aa0e30a41659b903b822b959bc7>:0 
  at System.Reflection.MethodBase.Invoke (System.Object obj, System.Object[] parameters) [0x00000] in <27124aa0e30a41659b903b822b959bc7>:0 
  at UnityEditor.EditorAssemblies.ProcessInitializeOnLoadMethodAttributes () [0x000a5] in <80a8ce1980c648dca8e68f0d8aa3b930>:0 
UnityEngine.StackTraceUtility:ExtractStackTrace ()
UnityEngine.DebugLogHandler:LogFormat (UnityEngine.LogType,UnityEngine.Object,string,object[])
UnityEngine.Logger:Log (UnityEngine.LogType,object)
UnityEngine.Debug:LogError (object)
UnityEditor.EditorAssemblies:ProcessInitializeOnLoadMethodAttributes ()

Mono: successfully reloaded assembly
[Package Manager] Server::EnsureServerProcessIsRunning -- launch failed, reason: Unity was launched with the -noUpm command-line argument
[Package Manager] UpmClient::Send -- Unable to send message (not connected to UPM process).
[Package Manager] Cannot connect to Unity Package Manager local server
[Package Manager] Server::EnsureServerProcessIsRunning -- launch failed, reason: Unity was launched with the -noUpm command-line argument
[Package Manager] UpmClient::Send -- Unable to send message (not connected to UPM process).
[Package Manager] Cannot connect to Unity Package Manager local server
- Finished resetting the current domain, in  3.781 seconds
Domain Reload Profiling: 4837ms
	BeginReloadAssembly (212ms)
		ExecutionOrderSort (0ms)
		DisableScriptedObjects (7ms)
		BackupInstance (0ms)
		ReleaseScriptingObjects (0ms)
		CreateAndSetChildDomain (26ms)
	RebuildCommonClasses (46ms)
	RebuildNativeTypeToScriptingClass (15ms)
	initialDomainReloadingComplete (60ms)
	LoadAllAssembliesAndSetupDomain (724ms)
		LoadAssemblies (568ms)
		RebuildTransferFunctionScriptingTraits (0ms)
		AnalyzeDomain (289ms)
			TypeCache.Refresh (250ms)
				TypeCache.ScanAssembly (223ms)
			ScanForSourceGeneratedMonoScriptInfo (30ms)
			ResolveRequiredComponents (8ms)
	FinalizeReload (3781ms)
		ReleaseScriptCaches (0ms)
		RebuildScriptCaches (0ms)
		SetupLoadedEditorAssemblies (3573ms)
			LogAssemblyErrors (0ms)
			InitializePlatformSupportModulesInManaged (12ms)
			SetLoadedEditorAssemblies (6ms)
			RefreshPlugins (0ms)
			BeforeProcessingInitializeOnLoad (107ms)
			ProcessInitializeOnLoadAttributes (689ms)
			ProcessInitializeOnLoadMethodAttributes (2742ms)
			AfterProcessingInitializeOnLoad (17ms)
			EditorAssembliesLoaded (0ms)
		ExecutionOrderSort2 (0ms)
		AwakeInstancesAfterBackupRestoration (7ms)
Launched and connected shader compiler UnityShaderCompiler.exe after 0.08 seconds
Refreshing native plugins compatible for Editor in 17.39 ms, found 4 plugins.
Preloading 2 native plugins for Editor in 0.09 ms.
Unloading 3124 Unused Serialized files (Serialized files now loaded: 0)
Unloading 142 unused Assets / (11.5 MB). Loaded Objects now: 3632.
Memory consumption went from 187.3 MB to 175.9 MB.
Total: 11.984500 ms (FindLiveObjects: 0.403200 ms CreateObjectMapping: 0.112800 ms MarkObjects: 6.210000 ms  DeleteObjects: 5.257000 ms)

AssetImportParameters requested are different than current active one (requested -> active):
  custom:video-decoder-webm-vp8: 9c59270c3fd7afecdb556c50c9e8de78 -> 
  custom:SearchIndexIgnoredProperties: e643bd26f0fe6173181afceb89e7c659 -> 
  custom:container-demuxer-ogg: 62fdf1f143b41e24485cea50d1cbac27 -> 
  custom:AudioImporter_EditorPlatform: d09bf68614088b80899f8185d706f6e7 -> 
  custom:video-decoder-ogg-theora: a1e56fd34408186e4bbccfd4996cb3dc -> 
  custom:framework-win-MediaFoundation: 216162199b28c13a410421893ffa2e32 -> 
  custom:video-encoder-webm-vp8: eb34c28f22e8b96e1ab97ce403110664 -> 
  custom:audio-decoder-ogg-vorbis: bf7c407c2cedff20999df2af8eb42d56 -> 
  custom:CustomObjectIndexerAttribute: 9a22284fe3817be447336de3de66b15e -> 
  custom:container-demuxer-webm: 4f35f7cbe854078d1ac9338744f61a02 -> 
  custom:audio-encoder-webm-vorbis: bf7c407c2cedff20999df2af8eb42d56 -> 
  custom:container-muxer-webm: aa71ff27fc2769a1b78a27578f13a17b -> 
========================================================================
Received Import Request.
  Time since last request: 251355.298173 seconds.
  path: Assets/Amatousagi/Chiffon/Animation/Expression
  artifactKey: Guid(6792acc43857a3f48bda7c28fc261f31) Importer(815301076,1909f56bfc062723c751e8b465ee728b)
Start importing Assets/Amatousagi/Chiffon/Animation/Expression using Guid(6792acc43857a3f48bda7c28fc261f31) Importer(815301076,1909f56bfc062723c751e8b465ee728b)  -> (artifact id: '3ac11c826290982e3e9782428332d926') in 0.024012 seconds
Number of updated asset objects reloaded before import = 0
Number of asset objects unloaded after import = 0
========================================================================
Received Import Request.
  Time since last request: 381.172695 seconds.
  path: Assets/Amatousagi/Chiffon/Animation/Controller/Chiffon_FX_kisekae.controller
  artifactKey: Guid(7647ee6a150d6e847b2540cdd16dd222) Importer(815301076,1909f56bfc062723c751e8b465ee728b)
Start importing Assets/Amatousagi/Chiffon/Animation/Controller/Chiffon_FX_kisekae.controller using Guid(7647ee6a150d6e847b2540cdd16dd222) Importer(815301076,1909f56bfc062723c751e8b465ee728b)  -> (artifact id: 'e056a08632c9fea9a0cda1aaddac6cba') in 0.573277 seconds
Number of updated asset objects reloaded before import = 0
Number of asset objects unloaded after import = 130
========================================================================
Received Import Request.
  Time since last request: 514.018087 seconds.
  path: Assets/GoGo/GoLoco/Animations/Clips/Poses/Poses_BlendTree/go_147.asset
  artifactKey: Guid(d46ce24344e5e3248bf864f87a1f0391) Importer(815301076,1909f56bfc062723c751e8b465ee728b)
Start importing Assets/GoGo/GoLoco/Animations/Clips/Poses/Poses_BlendTree/go_147.asset using Guid(d46ce24344e5e3248bf864f87a1f0391) Importer(815301076,1909f56bfc062723c751e8b465ee728b)  -> (artifact id: 'fd31a3e7872da272f36eaa365592f583') in 0.002330 seconds
Number of updated asset objects reloaded before import = 0
Number of asset objects unloaded after import = 3
========================================================================
Received Import Request.
  Time since last request: 0.006150 seconds.
  path: Assets/GoGo/GoLoco/Animations/Clips/Poses/Poses_BlendTree/go_148.asset
  artifactKey: Guid(ee0de9a4a6fd3f448aac6c996103b72e) Importer(815301076,1909f56bfc062723c751e8b465ee728b)
Start importing Assets/GoGo/GoLoco/Animations/Clips/Poses/Poses_BlendTree/go_148.asset using Guid(ee0de9a4a6fd3f448aac6c996103b72e) Importer(815301076,1909f56bfc062723c751e8b465ee728b)  -> (artifact id: 'ab292eef127e2912bc6a02da40554a3e') in 0.001716 seconds
Number of updated asset objects reloaded before import = 0
Number of asset objects unloaded after import = 3
========================================================================
Received Import Request.
  Time since last request: 0.014021 seconds.
  path: Assets/GoGo/GoLoco/Animations/Clips/Poses/Poses_BlendTree/go_149.asset
  artifactKey: Guid(bf1f23d05a4556647acb60b4870b5979) Importer(815301076,1909f56bfc062723c751e8b465ee728b)
Start importing Assets/GoGo/GoLoco/Animations/Clips/Poses/Poses_BlendTree/go_149.asset using Guid(bf1f23d05a4556647acb60b4870b5979) Importer(815301076,1909f56bfc062723c751e8b465ee728b)  -> (artifact id: '81a731b9ef2383bb5e6f95f5360c579a') in 0.001746 seconds
Number of updated asset objects reloaded before import = 0
Number of asset objects unloaded after import = 3
========================================================================
Received Import Request.
  Time since last request: 0.010206 seconds.
  path: Assets/GoGo/GoLoco/Animations/Clips/Poses/Poses_BlendTree/go_150.asset
  artifactKey: Guid(0119b461268725a4196832c08afacd35) Importer(815301076,1909f56bfc062723c751e8b465ee728b)
Start importing Assets/GoGo/GoLoco/Animations/Clips/Poses/Poses_BlendTree/go_150.asset using Guid(0119b461268725a4196832c08afacd35) Importer(815301076,1909f56bfc062723c751e8b465ee728b)  -> (artifact id: 'cc49acb5babd5a2089d74a4638ddba57') in 0.027346 seconds
Number of updated asset objects reloaded before import = 0
Number of asset objects unloaded after import = 3
========================================================================
Received Import Request.
  Time since last request: 0.021043 seconds.
  path: Assets/GoGo/GoLoco/Animations/Clips/Poses/Poses_BlendTree/go_151.asset
  artifactKey: Guid(3d4c1baedf3cae44481cbf010b384fb7) Importer(815301076,1909f56bfc062723c751e8b465ee728b)
Start importing Assets/GoGo/GoLoco/Animations/Clips/Poses/Poses_BlendTree/go_151.asset using Guid(3d4c1baedf3cae44481cbf010b384fb7) Importer(815301076,1909f56bfc062723c751e8b465ee728b)  -> (artifact id: '6d17877e961ec30d9d65e19f6fdf62ef') in 0.001870 seconds
Number of updated asset objects reloaded before import = 0
Number of asset objects unloaded after import = 3
========================================================================
Received Import Request.
  Time since last request: 0.012497 seconds.
  path: Assets/GoGo/GoLoco/Animations/Clips/Poses/Poses_BlendTree/go_152.asset
  artifactKey: Guid(38b41b06e724cbb4a9b779909c79904f) Importer(815301076,1909f56bfc062723c751e8b465ee728b)
Start importing Assets/GoGo/GoLoco/Animations/Clips/Poses/Poses_BlendTree/go_152.asset using Guid(38b41b06e724cbb4a9b779909c79904f) Importer(815301076,1909f56bfc062723c751e8b465ee728b)  -> (artifact id: 'ac8b881c6618e74e8b65b803c7cc8cc2') in 0.001714 seconds
Number of updated asset objects reloaded before import = 0
Number of asset objects unloaded after import = 3
========================================================================
Received Import Request.
  Time since last request: 0.017606 seconds.
  path: Assets/GoGo/GoLoco/Animations/Clips/Poses/Poses_BlendTree/go_153.asset
  artifactKey: Guid(c86b59d4a6a2e5d4ea32c832bfe0373e) Importer(815301076,1909f56bfc062723c751e8b465ee728b)
Start importing Assets/GoGo/GoLoco/Animations/Clips/Poses/Poses_BlendTree/go_153.asset using Guid(c86b59d4a6a2e5d4ea32c832bfe0373e) Importer(815301076,1909f56bfc062723c751e8b465ee728b)  -> (artifact id: '0d45a06f38fe48497e55004dfeeb500e') in 0.001751 seconds
Number of updated asset objects reloaded before import = 0
Number of asset objects unloaded after import = 3
========================================================================
Received Import Request.
  Time since last request: 0.003734 seconds.
  path: Assets/GoGo/GoLoco/Animations/Clips/Poses/Poses_BlendTree/go_154.asset
  artifactKey: Guid(11e128547e6479b48b440e4c96d30158) Importer(815301076,1909f56bfc062723c751e8b465ee728b)
Start importing Assets/GoGo/GoLoco/Animations/Clips/Poses/Poses_BlendTree/go_154.asset using Guid(11e128547e6479b48b440e4c96d30158) Importer(815301076,1909f56bfc062723c751e8b465ee728b)  -> (artifact id: '9390c5ccd3b48b0a03266158a05742ab') in 0.001695 seconds
Number of updated asset objects reloaded before import = 0
Number of asset objects unloaded after import = 3
========================================================================
Received Import Request.
  Time since last request: 0.028117 seconds.
  path: Assets/GoGo/GoLoco/Animations/Clips/Poses/Poses_BlendTree/go_155.asset
  artifactKey: Guid(049d1b4ab0c4b01459a1f2f618ed8104) Importer(815301076,1909f56bfc062723c751e8b465ee728b)
Start importing Assets/GoGo/GoLoco/Animations/Clips/Poses/Poses_BlendTree/go_155.asset using Guid(049d1b4ab0c4b01459a1f2f618ed8104) Importer(815301076,1909f56bfc062723c751e8b465ee728b)  -> (artifact id: 'e9aca2c08cc10ce1ac60136ff3550f57') in 0.001778 seconds
Number of updated asset objects reloaded before import = 0
Number of asset objects unloaded after import = 3
========================================================================
Received Import Request.
  Time since last request: 0.324174 seconds.
  path: Assets/GoGo/GoLoco/Animations/Locomotion/Other/Legacy/vrc_Prone_Loco_Legacy.asset
  artifactKey: Guid(2965e32c978ed9b4caec7ea0f9593708) Importer(815301076,1909f56bfc062723c751e8b465ee728b)
Start importing Assets/GoGo/GoLoco/Animations/Locomotion/Other/Legacy/vrc_Prone_Loco_Legacy.asset using Guid(2965e32c978ed9b4caec7ea0f9593708) Importer(815301076,1909f56bfc062723c751e8b465ee728b)  -> (artifact id: '6dce05a1c7df65351890f1c1e078233e') in 0.008773 seconds
Number of updated asset objects reloaded before import = 0
Number of asset objects unloaded after import = 5
========================================================================
Received Import Request.
  Time since last request: 0.011406 seconds.
  path: Assets/GoGo/GoLoco/Animations/Locomotion/Other/Legacy/vrc_Prone_Loco_SDK2.asset
  artifactKey: Guid(65e448176eee55949b575b1c9ce2dc58) Importer(815301076,1909f56bfc062723c751e8b465ee728b)
Start importing Assets/GoGo/GoLoco/Animations/Locomotion/Other/Legacy/vrc_Prone_Loco_SDK2.asset using Guid(65e448176eee55949b575b1c9ce2dc58) Importer(815301076,1909f56bfc062723c751e8b465ee728b)  -> (artifact id: '592a1ff819253fc4d08675beeb4eb2f0') in 0.001479 seconds
Number of updated asset objects reloaded before import = 0
Number of asset objects unloaded after import = 1
========================================================================
Received Import Request.
  Time since last request: 3.598779 seconds.
  path: Assets/GoGo/GoLoco/Animations/Locomotion/Other/Legacy/vrc_Crouch_Loco_Legacy.asset
  artifactKey: Guid(c3eb692b498897e45bd1053706757d88) Importer(815301076,1909f56bfc062723c751e8b465ee728b)
Start importing Assets/GoGo/GoLoco/Animations/Locomotion/Other/Legacy/vrc_Crouch_Loco_Legacy.asset using Guid(c3eb692b498897e45bd1053706757d88) Importer(815301076,1909f56bfc062723c751e8b465ee728b)  -> (artifact id: '61da8dc21980a4ada8ce50e161cbd1b4') in 0.008325 seconds
Number of updated asset objects reloaded before import = 0
Number of asset objects unloaded after import = 6
========================================================================
Received Import Request.
  Time since last request: 172.496373 seconds.
  path: Assets/Amatousagi/Chiffon/Animation/Expression/Chiffon_EXParameters.asset
  artifactKey: Guid(9fc183ffb23917c4ab824b33711b9a0c) Importer(815301076,1909f56bfc062723c751e8b465ee728b)
Start importing Assets/Amatousagi/Chiffon/Animation/Expression/Chiffon_EXParameters.asset using Guid(9fc183ffb23917c4ab824b33711b9a0c) Importer(815301076,1909f56bfc062723c751e8b465ee728b)  -> (artifact id: '1ceb8b5fb7ecde6667b8d0ccb1582791') in 0.001878 seconds
Number of updated asset objects reloaded before import = 0
Number of asset objects unloaded after import = 1
========================================================================
Received Import Request.
  Time since last request: 435.942816 seconds.
  path: Assets/Studio_literature_Ishtar/Philosophy/animation
  artifactKey: Guid(600307bad43256b4784d1db62373721a) Importer(815301076,1909f56bfc062723c751e8b465ee728b)
Start importing Assets/Studio_literature_Ishtar/Philosophy/animation using Guid(600307bad43256b4784d1db62373721a) Importer(815301076,1909f56bfc062723c751e8b465ee728b)  -> (artifact id: '41d3924bef177039f09cbea436cee86c') in 0.514646 seconds
Number of updated asset objects reloaded before import = 0
Number of asset objects unloaded after import = 0
========================================================================
Received Import Request.
  Time since last request: 5.133421 seconds.
  path: Assets/Studio_literature_Ishtar/Philosophy/animation/Grassses_OFF.anim
  artifactKey: Guid(bc6754f3e28ad0f4daeaf059a6e423f9) Importer(815301076,1909f56bfc062723c751e8b465ee728b)
Start importing Assets/Studio_literature_Ishtar/Philosophy/animation/Grassses_OFF.anim using Guid(bc6754f3e28ad0f4daeaf059a6e423f9) Importer(815301076,1909f56bfc062723c751e8b465ee728b)  -> (artifact id: '8e36300b7c461e4f2fca2ecd75e45be1') in 0.001658 seconds
Number of updated asset objects reloaded before import = 0
Number of asset objects unloaded after import = 1
========================================================================
Received Import Request.
  Time since last request: 1.203981 seconds.
  path: Assets/Studio_literature_Ishtar/Philosophy/animation/Grassses_ON.anim
  artifactKey: Guid(e0d77d52c05e5414aa703da93138dfdd) Importer(815301076,1909f56bfc062723c751e8b465ee728b)
Start importing Assets/Studio_literature_Ishtar/Philosophy/animation/Grassses_ON.anim using Guid(e0d77d52c05e5414aa703da93138dfdd) Importer(815301076,1909f56bfc062723c751e8b465ee728b)  -> (artifact id: '97e6a0c3b41e0bef7a02cd95249fbcf3') in 0.001241 seconds
Number of updated asset objects reloaded before import = 0
Number of asset objects unloaded after import = 1
