Using pre-set license
Built from '2022.3/staging' branch; Version is '2022.3.22f1 (887be4894c44) revision 8944612'; Using compiler version '192829333'; Build Type 'Release'
OS: 'Windows 10  (10.0.19045) 64bit Core' Language: 'en' Physical Memory: 40895 MB
BatchMode: 1, IsHumanControllingUs: 0, StartBugReporterOnCrash: 0, Is64bit: 1, IsPro: 1

COMMAND LINE ARGUMENTS:
C:\Program Files\Unity\Hub\Editor\2022.3.22f1\Editor\Unity.exe
-adb2
-batchMode
-noUpm
-name
AssetImportWorker0
-projectPath
E:/VR things/VRchatChars/Chiffon 2
-logFile
Logs/AssetImportWorker0.log
-srvPort
58328
Successfully changed project path to: E:/VR things/VRchatChars/Chiffon 2
E:/VR things/VRchatChars/Chiffon 2
[UnityMemory] Configuration Parameters - Can be set up in boot.config
    "memorysetup-bucket-allocator-granularity=16"
    "memorysetup-bucket-allocator-bucket-count=8"
    "memorysetup-bucket-allocator-block-size=33554432"
    "memorysetup-bucket-allocator-block-count=8"
    "memorysetup-main-allocator-block-size=16777216"
    "memorysetup-thread-allocator-block-size=16777216"
    "memorysetup-gfx-main-allocator-block-size=16777216"
    "memorysetup-gfx-thread-allocator-block-size=16777216"
    "memorysetup-cache-allocator-block-size=4194304"
    "memorysetup-typetree-allocator-block-size=2097152"
    "memorysetup-profiler-bucket-allocator-granularity=16"
    "memorysetup-profiler-bucket-allocator-bucket-count=8"
    "memorysetup-profiler-bucket-allocator-block-size=33554432"
    "memorysetup-profiler-bucket-allocator-block-count=8"
    "memorysetup-profiler-allocator-block-size=16777216"
    "memorysetup-profiler-editor-allocator-block-size=1048576"
    "memorysetup-temp-allocator-size-main=16777216"
    "memorysetup-job-temp-allocator-block-size=2097152"
    "memorysetup-job-temp-allocator-block-size-background=1048576"
    "memorysetup-job-temp-allocator-reduction-small-platforms=262144"
    "memorysetup-allocator-temp-initial-block-size-main=262144"
    "memorysetup-allocator-temp-initial-block-size-worker=262144"
    "memorysetup-temp-allocator-size-background-worker=32768"
    "memorysetup-temp-allocator-size-job-worker=262144"
    "memorysetup-temp-allocator-size-preload-manager=33554432"
    "memorysetup-temp-allocator-size-nav-mesh-worker=65536"
    "memorysetup-temp-allocator-size-audio-worker=65536"
    "memorysetup-temp-allocator-size-cloud-worker=32768"
    "memorysetup-temp-allocator-size-gi-baking-worker=262144"
    "memorysetup-temp-allocator-size-gfx=262144"
Player connection [33848] Host "[IP] 192.168.1.67 [Port] 0 [Flags] 2 [Guid] 4175522268 [EditorId] 4175522268 [Version] 1048832 [Id] WindowsEditor(7,Nidalee) [Debug] 1 [PackageName] WindowsEditor [ProjectName] Editor" joined multi-casting on [225.0.0.222:54997]...

Player connection [33848] Host "[IP] 192.168.1.67 [Port] 0 [Flags] 2 [Guid] 4175522268 [EditorId] 4175522268 [Version] 1048832 [Id] WindowsEditor(7,Nidalee) [Debug] 1 [PackageName] WindowsEditor [ProjectName] Editor" joined alternative multi-casting on [225.0.0.222:34997]...

[Physics::Module] Initialized MultithreadedJobDispatcher with 11 workers.
Refreshing native plugins compatible for Editor in 46.37 ms, found 4 plugins.
Preloading 2 native plugins for Editor in 2.29 ms.
Initialize engine version: 2022.3.22f1 (887be4894c44)
[Subsystems] Discovering subsystems at path C:/Program Files/Unity/Hub/Editor/2022.3.22f1/Editor/Data/Resources/UnitySubsystems
[Subsystems] Discovering subsystems at path E:/VR things/VRchatChars/Chiffon 2/Assets
GfxDevice: creating device client; threaded=0; jobified=0
Direct3D:
    Version:  Direct3D 11.0 [level 11.1]
    Renderer: NVIDIA GeForce GTX 1660 Ti (ID=0x2182)
    Vendor:   NVIDIA
    VRAM:     5966 MB
    Driver:   32.0.15.6094
Initialize mono
Mono path[0] = 'C:/Program Files/Unity/Hub/Editor/2022.3.22f1/Editor/Data/Managed'
Mono path[1] = 'C:/Program Files/Unity/Hub/Editor/2022.3.22f1/Editor/Data/MonoBleedingEdge/lib/mono/unityjit-win32'
Mono config path = 'C:/Program Files/Unity/Hub/Editor/2022.3.22f1/Editor/Data/MonoBleedingEdge/etc'
Using monoOptions --debugger-agent=transport=dt_socket,embedding=1,server=y,suspend=n,address=127.0.0.1:56544
Begin MonoManager ReloadAssembly
Registering precompiled unity dll's ...
Register platform support module: C:/Program Files/Unity/Hub/Editor/2022.3.22f1/Editor/Data/PlaybackEngines/WindowsStandaloneSupport/UnityEditor.WindowsStandalone.Extensions.dll
Registered in 0.027044 seconds.
- Loaded All Assemblies, in  0.573 seconds
Native extension for WindowsStandalone target not found
Mono: successfully reloaded assembly
- Finished resetting the current domain, in  0.395 seconds
Domain Reload Profiling: 964ms
	BeginReloadAssembly (170ms)
		ExecutionOrderSort (0ms)
		DisableScriptedObjects (0ms)
		BackupInstance (0ms)
		ReleaseScriptingObjects (0ms)
		CreateAndSetChildDomain (1ms)
	RebuildCommonClasses (62ms)
	RebuildNativeTypeToScriptingClass (19ms)
	initialDomainReloadingComplete (119ms)
	LoadAllAssembliesAndSetupDomain (199ms)
		LoadAssemblies (164ms)
		RebuildTransferFunctionScriptingTraits (0ms)
		AnalyzeDomain (196ms)
			TypeCache.Refresh (194ms)
				TypeCache.ScanAssembly (175ms)
			ScanForSourceGeneratedMonoScriptInfo (0ms)
			ResolveRequiredComponents (1ms)
	FinalizeReload (395ms)
		ReleaseScriptCaches (0ms)
		RebuildScriptCaches (0ms)
		SetupLoadedEditorAssemblies (319ms)
			LogAssemblyErrors (0ms)
			InitializePlatformSupportModulesInManaged (16ms)
			SetLoadedEditorAssemblies (21ms)
			RefreshPlugins (0ms)
			BeforeProcessingInitializeOnLoad (4ms)
			ProcessInitializeOnLoadAttributes (206ms)
			ProcessInitializeOnLoadMethodAttributes (71ms)
			AfterProcessingInitializeOnLoad (0ms)
			EditorAssembliesLoaded (0ms)
		ExecutionOrderSort2 (0ms)
		AwakeInstancesAfterBackupRestoration (0ms)
========================================================================
Worker process is ready to serve import requests
Begin MonoManager ReloadAssembly
- Loaded All Assemblies, in  1.291 seconds
Refreshing native plugins compatible for Editor in 21.78 ms, found 4 plugins.
Native extension for WindowsStandalone target not found
Package Manager log level set to [2]
[Package Manager] Server::EnsureServerProcessIsRunning -- launch failed, reason: Unity was launched with the -noUpm command-line argument
[Package Manager] UpmClient::Send -- Unable to send message (not connected to UPM process).
[Package Manager] Cannot connect to Unity Package Manager local server
System.Reflection.TargetInvocationException: Exception has been thrown by the target of an invocation. ---> System.NullReferenceException: Object reference not set to an instance of an object
  at Unity.XR.Oculus.OculusLoader.AssetPathToAbsolutePath (System.String assetPath) [0x00040] in .\Library\PackageCache\com.unity.xr.oculus@4.2.0\Runtime\OculusLoader.cs:298 
  at Unity.XR.Oculus.OculusLoader.EditorLoadOVRPlugin () [0x0008c] in .\Library\PackageCache\com.unity.xr.oculus@4.2.0\Runtime\OculusLoader.cs:283 
  at (wrapper managed-to-native) System.Reflection.RuntimeMethodInfo.InternalInvoke(System.Reflection.RuntimeMethodInfo,object,object[],System.Exception&)
  at System.Reflection.RuntimeMethodInfo.Invoke (System.Object obj, System.Reflection.BindingFlags invokeAttr, System.Reflection.Binder binder, System.Object[] parameters, System.Globalization.CultureInfo culture) [0x0006a] in <27124aa0e30a41659b903b822b959bc7>:0 
   --- End of inner exception stack trace ---
  at System.Reflection.RuntimeMethodInfo.Invoke (System.Object obj, System.Reflection.BindingFlags invokeAttr, System.Reflection.Binder binder, System.Object[] parameters, System.Globalization.CultureInfo culture) [0x00083] in <27124aa0e30a41659b903b822b959bc7>:0 
  at System.Reflection.MethodBase.Invoke (System.Object obj, System.Object[] parameters) [0x00000] in <27124aa0e30a41659b903b822b959bc7>:0 
  at UnityEditor.EditorAssemblies.ProcessInitializeOnLoadMethodAttributes () [0x000a5] in <80a8ce1980c648dca8e68f0d8aa3b930>:0 
UnityEngine.StackTraceUtility:ExtractStackTrace ()
UnityEngine.DebugLogHandler:LogFormat (UnityEngine.LogType,UnityEngine.Object,string,object[])
UnityEngine.Logger:Log (UnityEngine.LogType,object)
UnityEngine.Debug:LogError (object)
UnityEditor.EditorAssemblies:ProcessInitializeOnLoadMethodAttributes ()

Mono: successfully reloaded assembly
[Package Manager] Server::EnsureServerProcessIsRunning -- launch failed, reason: Unity was launched with the -noUpm command-line argument
[Package Manager] UpmClient::Send -- Unable to send message (not connected to UPM process).
[Package Manager] Cannot connect to Unity Package Manager local server
[Package Manager] Server::EnsureServerProcessIsRunning -- launch failed, reason: Unity was launched with the -noUpm command-line argument
[Package Manager] UpmClient::Send -- Unable to send message (not connected to UPM process).
[Package Manager] Cannot connect to Unity Package Manager local server
- Finished resetting the current domain, in  3.936 seconds
Domain Reload Profiling: 5222ms
	BeginReloadAssembly (255ms)
		ExecutionOrderSort (0ms)
		DisableScriptedObjects (10ms)
		BackupInstance (0ms)
		ReleaseScriptingObjects (0ms)
		CreateAndSetChildDomain (31ms)
	RebuildCommonClasses (69ms)
	RebuildNativeTypeToScriptingClass (20ms)
	initialDomainReloadingComplete (76ms)
	LoadAllAssembliesAndSetupDomain (865ms)
		LoadAssemblies (677ms)
		RebuildTransferFunctionScriptingTraits (0ms)
		AnalyzeDomain (342ms)
			TypeCache.Refresh (287ms)
				TypeCache.ScanAssembly (253ms)
			ScanForSourceGeneratedMonoScriptInfo (41ms)
			ResolveRequiredComponents (11ms)
	FinalizeReload (3936ms)
		ReleaseScriptCaches (0ms)
		RebuildScriptCaches (0ms)
		SetupLoadedEditorAssemblies (3700ms)
			LogAssemblyErrors (0ms)
			InitializePlatformSupportModulesInManaged (13ms)
			SetLoadedEditorAssemblies (6ms)
			RefreshPlugins (0ms)
			BeforeProcessingInitializeOnLoad (124ms)
			ProcessInitializeOnLoadAttributes (861ms)
			ProcessInitializeOnLoadMethodAttributes (2677ms)
			AfterProcessingInitializeOnLoad (19ms)
			EditorAssembliesLoaded (0ms)
		ExecutionOrderSort2 (0ms)
		AwakeInstancesAfterBackupRestoration (11ms)
Launched and connected shader compiler UnityShaderCompiler.exe after 0.18 seconds
Refreshing native plugins compatible for Editor in 20.67 ms, found 4 plugins.
Preloading 2 native plugins for Editor in 0.09 ms.
Unloading 3124 Unused Serialized files (Serialized files now loaded: 0)
Unloading 142 unused Assets / (11.5 MB). Loaded Objects now: 3632.
Memory consumption went from 187.3 MB to 175.8 MB.
Total: 12.791500 ms (FindLiveObjects: 0.394300 ms CreateObjectMapping: 0.118500 ms MarkObjects: 6.963800 ms  DeleteObjects: 5.313000 ms)

AssetImportParameters requested are different than current active one (requested -> active):
  custom:video-decoder-webm-vp8: 9c59270c3fd7afecdb556c50c9e8de78 -> 
  custom:SearchIndexIgnoredProperties: e643bd26f0fe6173181afceb89e7c659 -> 
  custom:container-demuxer-ogg: 62fdf1f143b41e24485cea50d1cbac27 -> 
  custom:AudioImporter_EditorPlatform: d09bf68614088b80899f8185d706f6e7 -> 
  custom:video-decoder-ogg-theora: a1e56fd34408186e4bbccfd4996cb3dc -> 
  custom:framework-win-MediaFoundation: 216162199b28c13a410421893ffa2e32 -> 
  custom:video-encoder-webm-vp8: eb34c28f22e8b96e1ab97ce403110664 -> 
  custom:audio-decoder-ogg-vorbis: bf7c407c2cedff20999df2af8eb42d56 -> 
  custom:CustomObjectIndexerAttribute: 9a22284fe3817be447336de3de66b15e -> 
  custom:container-demuxer-webm: 4f35f7cbe854078d1ac9338744f61a02 -> 
  custom:audio-encoder-webm-vorbis: bf7c407c2cedff20999df2af8eb42d56 -> 
  custom:container-muxer-webm: aa71ff27fc2769a1b78a27578f13a17b -> 
========================================================================
Received Import Request.
  Time since last request: 756768.992465 seconds.
  path: Assets/#MARIYURI/01. ふわりんツインテール/Materials/Point Color2/2P_color Pink Purple.mat
  artifactKey: Guid(75405400b109b6e4991a1b5b451c304d) Importer(815301076,1909f56bfc062723c751e8b465ee728b)
Start importing Assets/#MARIYURI/01. ふわりんツインテール/Materials/Point Color2/2P_color Pink Purple.mat using Guid(75405400b109b6e4991a1b5b451c304d) Importer(815301076,1909f56bfc062723c751e8b465ee728b)  -> (artifact id: 'cb46358a4cc72ffde327a9043fe5525c') in 0.575369 seconds
Number of updated asset objects reloaded before import = 0
Number of asset objects unloaded after import = 8
========================================================================
Received Import Request.
  Time since last request: 0.000034 seconds.
  path: Assets/#MARIYURI/01. ふわりんツインテール/Materials/Point Color2/2P_color White Blue.mat
  artifactKey: Guid(45b524cdfcf21ff428fdfea136926ce8) Importer(815301076,1909f56bfc062723c751e8b465ee728b)
Start importing Assets/#MARIYURI/01. ふわりんツインテール/Materials/Point Color2/2P_color White Blue.mat using Guid(45b524cdfcf21ff428fdfea136926ce8) Importer(815301076,1909f56bfc062723c751e8b465ee728b)  -> (artifact id: 'f1d19d6091b8648e1cd31d4c1b3a9e4b') in 0.102845 seconds
Number of updated asset objects reloaded before import = 0
Number of asset objects unloaded after import = 8
========================================================================
Received Import Request.
  Time since last request: 0.000019 seconds.
  path: Assets/#MARIYURI/01. ふわりんツインテール/Materials/Point Color2/2P_color White Pink.mat
  artifactKey: Guid(6c3683625eb8197429de301edbcdcaaa) Importer(815301076,1909f56bfc062723c751e8b465ee728b)
Start importing Assets/#MARIYURI/01. ふわりんツインテール/Materials/Point Color2/2P_color White Pink.mat using Guid(6c3683625eb8197429de301edbcdcaaa) Importer(815301076,1909f56bfc062723c751e8b465ee728b)  -> (artifact id: 'deb45b817247604253c2c1f8380b2e4e') in 0.090172 seconds
Number of updated asset objects reloaded before import = 0
Number of asset objects unloaded after import = 8
========================================================================
Received Prepare
Refreshing native plugins compatible for Editor in 30.07 ms, found 4 plugins.
Preloading 2 native plugins for Editor in 0.13 ms.
Unloading 53 Unused Serialized files (Serialized files now loaded: 0)
Unloading 54 unused Assets / (11.4 MB). Loaded Objects now: 3674.
Memory consumption went from 125.6 MB to 114.2 MB.
Total: 19.714600 ms (FindLiveObjects: 1.153500 ms CreateObjectMapping: 0.143100 ms MarkObjects: 11.811100 ms  DeleteObjects: 6.604100 ms)

Prepare: number of updated asset objects reloaded= 3
AssetImportParameters requested are different than current active one (requested -> active):
  custom:video-decoder-webm-vp8: 9c59270c3fd7afecdb556c50c9e8de78 -> 
  custom:SearchIndexIgnoredProperties: e643bd26f0fe6173181afceb89e7c659 -> 
  custom:container-demuxer-ogg: 62fdf1f143b41e24485cea50d1cbac27 -> 
  custom:AudioImporter_EditorPlatform: d09bf68614088b80899f8185d706f6e7 -> 
  custom:video-decoder-ogg-theora: a1e56fd34408186e4bbccfd4996cb3dc -> 
  custom:framework-win-MediaFoundation: 216162199b28c13a410421893ffa2e32 -> 
  custom:video-encoder-webm-vp8: eb34c28f22e8b96e1ab97ce403110664 -> 
  custom:audio-decoder-ogg-vorbis: bf7c407c2cedff20999df2af8eb42d56 -> 
  custom:CustomObjectIndexerAttribute: 9a22284fe3817be447336de3de66b15e -> 
  custom:container-demuxer-webm: 4f35f7cbe854078d1ac9338744f61a02 -> 
  custom:audio-encoder-webm-vorbis: bf7c407c2cedff20999df2af8eb42d56 -> 
  custom:container-muxer-webm: aa71ff27fc2769a1b78a27578f13a17b -> 
========================================================================
Received Import Request.
  Time since last request: 1256.958554 seconds.
  path: Assets/#MARIYURI/01. ふわりんツインテール/Materials/Point Color/2P_color Black Beige.mat
  artifactKey: Guid(d148b8fb88bccd34e89b5bf9a5655779) Importer(815301076,1909f56bfc062723c751e8b465ee728b)
Start importing Assets/#MARIYURI/01. ふわりんツインテール/Materials/Point Color/2P_color Black Beige.mat using Guid(d148b8fb88bccd34e89b5bf9a5655779) Importer(815301076,1909f56bfc062723c751e8b465ee728b)  -> (artifact id: '2fe1ffb32e92e485cd53576793a9895e') in 2.107739 seconds
Number of updated asset objects reloaded before import = 3
Number of asset objects unloaded after import = 8
========================================================================
Received Import Request.
  Time since last request: 0.000029 seconds.
  path: Assets/#MARIYURI/01. ふわりんツインテール/Materials/Point Color/2P_color Black Purple.mat
  artifactKey: Guid(9c02f18ccaf191c4a949ed7bcb8e120a) Importer(815301076,1909f56bfc062723c751e8b465ee728b)
Start importing Assets/#MARIYURI/01. ふわりんツインテール/Materials/Point Color/2P_color Black Purple.mat using Guid(9c02f18ccaf191c4a949ed7bcb8e120a) Importer(815301076,1909f56bfc062723c751e8b465ee728b)  -> (artifact id: 'a0351be5d794c1405a36155170e793ce') in 0.040668 seconds
Number of updated asset objects reloaded before import = 0
Number of asset objects unloaded after import = 8
========================================================================
Received Import Request.
  Time since last request: 0.000029 seconds.
  path: Assets/#MARIYURI/01. ふわりんツインテール/Materials/Point Color/2P_color Pink Purple.mat
  artifactKey: Guid(31914b79fb40e594abe14aaa77b44a0e) Importer(815301076,1909f56bfc062723c751e8b465ee728b)
Start importing Assets/#MARIYURI/01. ふわりんツインテール/Materials/Point Color/2P_color Pink Purple.mat using Guid(31914b79fb40e594abe14aaa77b44a0e) Importer(815301076,1909f56bfc062723c751e8b465ee728b)  -> (artifact id: '25f86404852510daadc5629ef77c6bcf') in 0.031600 seconds
Number of updated asset objects reloaded before import = 0
Number of asset objects unloaded after import = 8
========================================================================
Received Import Request.
  Time since last request: 0.000026 seconds.
  path: Assets/#MARIYURI/01. ふわりんツインテール/Materials/Point Color/2P_color Black Pink.mat
  artifactKey: Guid(23dcc4ef8efd4fc4ba6c95f520267e29) Importer(815301076,1909f56bfc062723c751e8b465ee728b)
Start importing Assets/#MARIYURI/01. ふわりんツインテール/Materials/Point Color/2P_color Black Pink.mat using Guid(23dcc4ef8efd4fc4ba6c95f520267e29) Importer(815301076,1909f56bfc062723c751e8b465ee728b)  -> (artifact id: '122cfdeb488f3859dfdf4cf4b7f13162') in 0.031416 seconds
Number of updated asset objects reloaded before import = 0
Number of asset objects unloaded after import = 8
========================================================================
Received Import Request.
  Time since last request: 0.000023 seconds.
  path: Assets/#MARIYURI/01. ふわりんツインテール/Materials/Point Color/2P_color Ivory Pink.mat
  artifactKey: Guid(cb4685f88b6e45d4fa6a80fb19a83027) Importer(815301076,1909f56bfc062723c751e8b465ee728b)
Start importing Assets/#MARIYURI/01. ふわりんツインテール/Materials/Point Color/2P_color Ivory Pink.mat using Guid(cb4685f88b6e45d4fa6a80fb19a83027) Importer(815301076,1909f56bfc062723c751e8b465ee728b)  -> (artifact id: '85f56d8ff72e9d6979826d29d37b9f2d') in 0.030642 seconds
Number of updated asset objects reloaded before import = 0
Number of asset objects unloaded after import = 8
========================================================================
Received Import Request.
  Time since last request: 0.000020 seconds.
  path: Assets/#MARIYURI/01. ふわりんツインテール/Materials/Point Color/2P_color White Pink.mat
  artifactKey: Guid(92338a00c1e56444e98ad34f4147ddc5) Importer(815301076,1909f56bfc062723c751e8b465ee728b)
Start importing Assets/#MARIYURI/01. ふわりんツインテール/Materials/Point Color/2P_color White Pink.mat using Guid(92338a00c1e56444e98ad34f4147ddc5) Importer(815301076,1909f56bfc062723c751e8b465ee728b)  -> (artifact id: '539fca6109893b722fd7f145714da924') in 1.620537 seconds
Number of updated asset objects reloaded before import = 0
Number of asset objects unloaded after import = 8
========================================================================
Received Prepare
Refreshing native plugins compatible for Editor in 19.64 ms, found 4 plugins.
Preloading 2 native plugins for Editor in 0.09 ms.
Unloading 53 Unused Serialized files (Serialized files now loaded: 0)
Unloading 54 unused Assets / (11.2 MB). Loaded Objects now: 3674.
Memory consumption went from 125.5 MB to 114.2 MB.
Total: 11.255700 ms (FindLiveObjects: 0.448400 ms CreateObjectMapping: 0.158800 ms MarkObjects: 6.001400 ms  DeleteObjects: 4.645000 ms)

Prepare: number of updated asset objects reloaded= 3
AssetImportParameters requested are different than current active one (requested -> active):
  custom:video-decoder-webm-vp8: 9c59270c3fd7afecdb556c50c9e8de78 -> 
  custom:SearchIndexIgnoredProperties: e643bd26f0fe6173181afceb89e7c659 -> 
  custom:container-demuxer-ogg: 62fdf1f143b41e24485cea50d1cbac27 -> 
  custom:AudioImporter_EditorPlatform: d09bf68614088b80899f8185d706f6e7 -> 
  custom:video-decoder-ogg-theora: a1e56fd34408186e4bbccfd4996cb3dc -> 
  custom:framework-win-MediaFoundation: 216162199b28c13a410421893ffa2e32 -> 
  custom:video-encoder-webm-vp8: eb34c28f22e8b96e1ab97ce403110664 -> 
  custom:audio-decoder-ogg-vorbis: bf7c407c2cedff20999df2af8eb42d56 -> 
  custom:CustomObjectIndexerAttribute: 9a22284fe3817be447336de3de66b15e -> 
  custom:container-demuxer-webm: 4f35f7cbe854078d1ac9338744f61a02 -> 
  custom:audio-encoder-webm-vorbis: bf7c407c2cedff20999df2af8eb42d56 -> 
  custom:container-muxer-webm: aa71ff27fc2769a1b78a27578f13a17b -> 
========================================================================
Received Import Request.
  Time since last request: 1095.178565 seconds.
  path: Assets/#MARIYURI/01. ふわりんツインテール/Tex/Beige.png
  artifactKey: Guid(81fa684ff201e9e4299ea1e5d9bc805b) Importer(815301076,1909f56bfc062723c751e8b465ee728b)
Start importing Assets/#MARIYURI/01. ふわりんツインテール/Tex/Beige.png using Guid(81fa684ff201e9e4299ea1e5d9bc805b) Importer(815301076,1909f56bfc062723c751e8b465ee728b)  -> (artifact id: '51835df46c779055e911a6e1e41bae30') in 0.052557 seconds
Number of updated asset objects reloaded before import = 3
Number of asset objects unloaded after import = 2
========================================================================
Received Import Request.
  Time since last request: 0.090451 seconds.
  path: Assets/#MARIYURI/01. ふわりんツインテール/Tex/Brown.png
  artifactKey: Guid(89eea0d5f3197394591b944c88a4edda) Importer(815301076,1909f56bfc062723c751e8b465ee728b)
Start importing Assets/#MARIYURI/01. ふわりんツインテール/Tex/Brown.png using Guid(89eea0d5f3197394591b944c88a4edda) Importer(815301076,1909f56bfc062723c751e8b465ee728b)  -> (artifact id: '176be1e13e4a9bf7f291f187b65041b7') in 0.029479 seconds
Number of updated asset objects reloaded before import = 0
Number of asset objects unloaded after import = 2
========================================================================
Received Import Request.
  Time since last request: 0.000019 seconds.
  path: Assets/#MARIYURI/01. ふわりんツインテール/Tex/PInk.png
  artifactKey: Guid(768d4182c19de2447ada9eb62d698fa5) Importer(815301076,1909f56bfc062723c751e8b465ee728b)
Start importing Assets/#MARIYURI/01. ふわりんツインテール/Tex/PInk.png using Guid(768d4182c19de2447ada9eb62d698fa5) Importer(815301076,1909f56bfc062723c751e8b465ee728b)  -> (artifact id: '9ca46f55224f611f049e8c8d281ecc50') in 0.018841 seconds
Number of updated asset objects reloaded before import = 0
Number of asset objects unloaded after import = 2
========================================================================
Received Import Request.
  Time since last request: 0.000036 seconds.
  path: Assets/#MARIYURI/01. ふわりんツインテール/Tex/Ivory.png
  artifactKey: Guid(d4f2af27d93cbfc4ba55f22f24e3b43b) Importer(815301076,1909f56bfc062723c751e8b465ee728b)
Start importing Assets/#MARIYURI/01. ふわりんツインテール/Tex/Ivory.png using Guid(d4f2af27d93cbfc4ba55f22f24e3b43b) Importer(815301076,1909f56bfc062723c751e8b465ee728b)  -> (artifact id: '38c23563ff1ca28f8450e15a7d3ffe7d') in 0.022563 seconds
Number of updated asset objects reloaded before import = 0
Number of asset objects unloaded after import = 2
========================================================================
Received Import Request.
  Time since last request: 0.000029 seconds.
  path: Assets/#MARIYURI/01. ふわりんツインテール/Tex/White2.png
  artifactKey: Guid(ce740a3043bccb849ac92dc85080823c) Importer(815301076,1909f56bfc062723c751e8b465ee728b)
Start importing Assets/#MARIYURI/01. ふわりんツインテール/Tex/White2.png using Guid(ce740a3043bccb849ac92dc85080823c) Importer(815301076,1909f56bfc062723c751e8b465ee728b)  -> (artifact id: '0f1d7001ac1d8e81f1f12b9ad04932ad') in 0.020747 seconds
Number of updated asset objects reloaded before import = 0
Number of asset objects unloaded after import = 2
========================================================================
Received Import Request.
  Time since last request: 0.000024 seconds.
  path: Assets/#MARIYURI/01. ふわりんツインテール/Tex/White.png
  artifactKey: Guid(2cb0c52fff1fcb34e83735b6447db4b3) Importer(815301076,1909f56bfc062723c751e8b465ee728b)
Start importing Assets/#MARIYURI/01. ふわりんツインテール/Tex/White.png using Guid(2cb0c52fff1fcb34e83735b6447db4b3) Importer(815301076,1909f56bfc062723c751e8b465ee728b)  -> (artifact id: '96f44db046f3eca38bbcd85e3b09d7e5') in 0.024772 seconds
Number of updated asset objects reloaded before import = 0
Number of asset objects unloaded after import = 2
========================================================================
Received Import Request.
  Time since last request: 36.269634 seconds.
  path: Assets/#MARIYURI/01. ふわりんツインテール/Tex/N/AO.png
  artifactKey: Guid(0640789e09be63d42973d97da0a08bf7) Importer(815301076,1909f56bfc062723c751e8b465ee728b)
Start importing Assets/#MARIYURI/01. ふわりんツインテール/Tex/N/AO.png using Guid(0640789e09be63d42973d97da0a08bf7) Importer(815301076,1909f56bfc062723c751e8b465ee728b)  -> (artifact id: '3d9789f491bf8c7b0ac6156c3bf19724') in 0.015891 seconds
Number of updated asset objects reloaded before import = 0
Number of asset objects unloaded after import = 2
========================================================================
Received Import Request.
  Time since last request: 0.000024 seconds.
  path: Assets/#MARIYURI/01. ふわりんツインテール/Tex/N/MR_Twin_Normal.png
  artifactKey: Guid(cc0b97575dc42fb4eadd01e618fb68eb) Importer(815301076,1909f56bfc062723c751e8b465ee728b)
Start importing Assets/#MARIYURI/01. ふわりんツインテール/Tex/N/MR_Twin_Normal.png using Guid(cc0b97575dc42fb4eadd01e618fb68eb) Importer(815301076,1909f56bfc062723c751e8b465ee728b)  -> (artifact id: '19fea28a49d0756f542c2da68c3f0a86') in 0.029181 seconds
Number of updated asset objects reloaded before import = 0
Number of asset objects unloaded after import = 2
========================================================================
Received Import Request.
  Time since last request: 0.000022 seconds.
  path: Assets/#MARIYURI/01. ふわりんツインテール/Tex/N/Mask8.png
  artifactKey: Guid(5b234690ef4b3f84d8f999d1dd03dea9) Importer(815301076,1909f56bfc062723c751e8b465ee728b)
Start importing Assets/#MARIYURI/01. ふわりんツインテール/Tex/N/Mask8.png using Guid(5b234690ef4b3f84d8f999d1dd03dea9) Importer(815301076,1909f56bfc062723c751e8b465ee728b)  -> (artifact id: 'faf906a31ab87d78b4b4b626c731a6a5') in 0.017118 seconds
Number of updated asset objects reloaded before import = 0
Number of asset objects unloaded after import = 2
========================================================================
Received Import Request.
  Time since last request: 0.000018 seconds.
  path: Assets/#MARIYURI/01. ふわりんツインテール/Tex/N/Mask10.png
  artifactKey: Guid(44fec9a72dbed8e4aa441299c988cedf) Importer(815301076,1909f56bfc062723c751e8b465ee728b)
Start importing Assets/#MARIYURI/01. ふわりんツインテール/Tex/N/Mask10.png using Guid(44fec9a72dbed8e4aa441299c988cedf) Importer(815301076,1909f56bfc062723c751e8b465ee728b)  -> (artifact id: 'b500bcc5e6a572dbd57cf239250828c4') in 0.015230 seconds
Number of updated asset objects reloaded before import = 0
Number of asset objects unloaded after import = 2
========================================================================
Received Import Request.
  Time since last request: 0.000018 seconds.
  path: Assets/#MARIYURI/01. ふわりんツインテール/Tex/N/Mask9.png
  artifactKey: Guid(551ec711c78ff114dab90b6a0099f710) Importer(815301076,1909f56bfc062723c751e8b465ee728b)
Start importing Assets/#MARIYURI/01. ふわりんツインテール/Tex/N/Mask9.png using Guid(551ec711c78ff114dab90b6a0099f710) Importer(815301076,1909f56bfc062723c751e8b465ee728b)  -> (artifact id: 'f079331beba14ff159c1e808821054fe') in 0.016345 seconds
Number of updated asset objects reloaded before import = 0
Number of asset objects unloaded after import = 2
Editor requested this worker to shutdown with reason: Scaling down because of idle timeout
TcpMessagingSession - receive error: operation aborted. errorcode: 995, details: The I/O operation has been aborted because of either a thread exit or an application request.
AssetImportWorker is now disconnected from the server
Process exiting
Exiting without the bug reporter. Application will terminate with return code 0