Using pre-set license
Built from '2022.3/staging' branch; Version is '2022.3.22f1 (887be4894c44) revision 8944612'; Using compiler version '192829333'; Build Type 'Release'
OS: 'Windows 10  (10.0.19045) 64bit Core' Language: 'en' Physical Memory: 40895 MB
BatchMode: 1, IsHumanControllingUs: 0, StartBugReporterOnCrash: 0, Is64bit: 1, IsPro: 1

COMMAND LINE ARGUMENTS:
C:\Program Files\Unity\Hub\Editor\2022.3.22f1\Editor\Unity.exe
-adb2
-batchMode
-noUpm
-name
AssetImportWorker0
-projectPath
E:/VR things/VRchatChars/Chiffon 2
-logFile
Logs/AssetImportWorker0.log
-srvPort
58643
Successfully changed project path to: E:/VR things/VRchatChars/Chiffon 2
E:/VR things/VRchatChars/Chiffon 2
[UnityMemory] Configuration Parameters - Can be set up in boot.config
    "memorysetup-bucket-allocator-granularity=16"
    "memorysetup-bucket-allocator-bucket-count=8"
    "memorysetup-bucket-allocator-block-size=33554432"
    "memorysetup-bucket-allocator-block-count=8"
    "memorysetup-main-allocator-block-size=16777216"
    "memorysetup-thread-allocator-block-size=16777216"
    "memorysetup-gfx-main-allocator-block-size=16777216"
    "memorysetup-gfx-thread-allocator-block-size=16777216"
    "memorysetup-cache-allocator-block-size=4194304"
    "memorysetup-typetree-allocator-block-size=2097152"
    "memorysetup-profiler-bucket-allocator-granularity=16"
    "memorysetup-profiler-bucket-allocator-bucket-count=8"
    "memorysetup-profiler-bucket-allocator-block-size=33554432"
    "memorysetup-profiler-bucket-allocator-block-count=8"
    "memorysetup-profiler-allocator-block-size=16777216"
    "memorysetup-profiler-editor-allocator-block-size=1048576"
    "memorysetup-temp-allocator-size-main=16777216"
    "memorysetup-job-temp-allocator-block-size=2097152"
    "memorysetup-job-temp-allocator-block-size-background=1048576"
    "memorysetup-job-temp-allocator-reduction-small-platforms=262144"
    "memorysetup-allocator-temp-initial-block-size-main=262144"
    "memorysetup-allocator-temp-initial-block-size-worker=262144"
    "memorysetup-temp-allocator-size-background-worker=32768"
    "memorysetup-temp-allocator-size-job-worker=262144"
    "memorysetup-temp-allocator-size-preload-manager=33554432"
    "memorysetup-temp-allocator-size-nav-mesh-worker=65536"
    "memorysetup-temp-allocator-size-audio-worker=65536"
    "memorysetup-temp-allocator-size-cloud-worker=32768"
    "memorysetup-temp-allocator-size-gi-baking-worker=262144"
    "memorysetup-temp-allocator-size-gfx=262144"
Player connection [30452] Host "[IP] 192.168.1.67 [Port] 0 [Flags] 2 [Guid] 2183973459 [EditorId] 2183973459 [Version] 1048832 [Id] WindowsEditor(7,Nidalee) [Debug] 1 [PackageName] WindowsEditor [ProjectName] Editor" joined multi-casting on [225.0.0.222:54997]...

Player connection [30452] Host "[IP] 192.168.1.67 [Port] 0 [Flags] 2 [Guid] 2183973459 [EditorId] 2183973459 [Version] 1048832 [Id] WindowsEditor(7,Nidalee) [Debug] 1 [PackageName] WindowsEditor [ProjectName] Editor" joined alternative multi-casting on [225.0.0.222:34997]...

[Physics::Module] Initialized MultithreadedJobDispatcher with 11 workers.
Refreshing native plugins compatible for Editor in 45.55 ms, found 4 plugins.
Preloading 2 native plugins for Editor in 1.67 ms.
Initialize engine version: 2022.3.22f1 (887be4894c44)
[Subsystems] Discovering subsystems at path C:/Program Files/Unity/Hub/Editor/2022.3.22f1/Editor/Data/Resources/UnitySubsystems
[Subsystems] Discovering subsystems at path E:/VR things/VRchatChars/Chiffon 2/Assets
GfxDevice: creating device client; threaded=0; jobified=0
Direct3D:
    Version:  Direct3D 11.0 [level 11.1]
    Renderer: NVIDIA GeForce GTX 1660 Ti (ID=0x2182)
    Vendor:   NVIDIA
    VRAM:     5966 MB
    Driver:   32.0.15.6094
Initialize mono
Mono path[0] = 'C:/Program Files/Unity/Hub/Editor/2022.3.22f1/Editor/Data/Managed'
Mono path[1] = 'C:/Program Files/Unity/Hub/Editor/2022.3.22f1/Editor/Data/MonoBleedingEdge/lib/mono/unityjit-win32'
Mono config path = 'C:/Program Files/Unity/Hub/Editor/2022.3.22f1/Editor/Data/MonoBleedingEdge/etc'
Using monoOptions --debugger-agent=transport=dt_socket,embedding=1,server=y,suspend=n,address=127.0.0.1:56140
Begin MonoManager ReloadAssembly
Registering precompiled unity dll's ...
Register platform support module: C:/Program Files/Unity/Hub/Editor/2022.3.22f1/Editor/Data/PlaybackEngines/WindowsStandaloneSupport/UnityEditor.WindowsStandalone.Extensions.dll
Registered in 0.016690 seconds.
- Loaded All Assemblies, in  0.483 seconds
Native extension for WindowsStandalone target not found
Mono: successfully reloaded assembly
- Finished resetting the current domain, in  0.343 seconds
Domain Reload Profiling: 821ms
	BeginReloadAssembly (155ms)
		ExecutionOrderSort (0ms)
		DisableScriptedObjects (0ms)
		BackupInstance (0ms)
		ReleaseScriptingObjects (0ms)
		CreateAndSetChildDomain (1ms)
	RebuildCommonClasses (48ms)
	RebuildNativeTypeToScriptingClass (13ms)
	initialDomainReloadingComplete (90ms)
	LoadAllAssembliesAndSetupDomain (170ms)
		LoadAssemblies (150ms)
		RebuildTransferFunctionScriptingTraits (0ms)
		AnalyzeDomain (168ms)
			TypeCache.Refresh (166ms)
				TypeCache.ScanAssembly (149ms)
			ScanForSourceGeneratedMonoScriptInfo (0ms)
			ResolveRequiredComponents (1ms)
	FinalizeReload (344ms)
		ReleaseScriptCaches (0ms)
		RebuildScriptCaches (0ms)
		SetupLoadedEditorAssemblies (271ms)
			LogAssemblyErrors (0ms)
			InitializePlatformSupportModulesInManaged (15ms)
			SetLoadedEditorAssemblies (10ms)
			RefreshPlugins (0ms)
			BeforeProcessingInitializeOnLoad (3ms)
			ProcessInitializeOnLoadAttributes (183ms)
			ProcessInitializeOnLoadMethodAttributes (60ms)
			AfterProcessingInitializeOnLoad (0ms)
			EditorAssembliesLoaded (0ms)
		ExecutionOrderSort2 (0ms)
		AwakeInstancesAfterBackupRestoration (0ms)
========================================================================
Worker process is ready to serve import requests
Begin MonoManager ReloadAssembly
- Loaded All Assemblies, in  0.956 seconds
Refreshing native plugins compatible for Editor in 16.56 ms, found 4 plugins.
Native extension for WindowsStandalone target not found
Package Manager log level set to [2]
[Package Manager] Server::EnsureServerProcessIsRunning -- launch failed, reason: Unity was launched with the -noUpm command-line argument
[Package Manager] UpmClient::Send -- Unable to send message (not connected to UPM process).
[Package Manager] Cannot connect to Unity Package Manager local server
System.Reflection.TargetInvocationException: Exception has been thrown by the target of an invocation. ---> System.NullReferenceException: Object reference not set to an instance of an object
  at Unity.XR.Oculus.OculusLoader.AssetPathToAbsolutePath (System.String assetPath) [0x00040] in .\Library\PackageCache\com.unity.xr.oculus@4.2.0\Runtime\OculusLoader.cs:298 
  at Unity.XR.Oculus.OculusLoader.EditorLoadOVRPlugin () [0x0008c] in .\Library\PackageCache\com.unity.xr.oculus@4.2.0\Runtime\OculusLoader.cs:283 
  at (wrapper managed-to-native) System.Reflection.RuntimeMethodInfo.InternalInvoke(System.Reflection.RuntimeMethodInfo,object,object[],System.Exception&)
  at System.Reflection.RuntimeMethodInfo.Invoke (System.Object obj, System.Reflection.BindingFlags invokeAttr, System.Reflection.Binder binder, System.Object[] parameters, System.Globalization.CultureInfo culture) [0x0006a] in <27124aa0e30a41659b903b822b959bc7>:0 
   --- End of inner exception stack trace ---
  at System.Reflection.RuntimeMethodInfo.Invoke (System.Object obj, System.Reflection.BindingFlags invokeAttr, System.Reflection.Binder binder, System.Object[] parameters, System.Globalization.CultureInfo culture) [0x00083] in <27124aa0e30a41659b903b822b959bc7>:0 
  at System.Reflection.MethodBase.Invoke (System.Object obj, System.Object[] parameters) [0x00000] in <27124aa0e30a41659b903b822b959bc7>:0 
  at UnityEditor.EditorAssemblies.ProcessInitializeOnLoadMethodAttributes () [0x000a5] in <80a8ce1980c648dca8e68f0d8aa3b930>:0 
UnityEngine.StackTraceUtility:ExtractStackTrace ()
UnityEngine.DebugLogHandler:LogFormat (UnityEngine.LogType,UnityEngine.Object,string,object[])
UnityEngine.Logger:Log (UnityEngine.LogType,object)
UnityEngine.Debug:LogError (object)
UnityEditor.EditorAssemblies:ProcessInitializeOnLoadMethodAttributes ()

Mono: successfully reloaded assembly
[Package Manager] Server::EnsureServerProcessIsRunning -- launch failed, reason: Unity was launched with the -noUpm command-line argument
[Package Manager] UpmClient::Send -- Unable to send message (not connected to UPM process).
[Package Manager] Cannot connect to Unity Package Manager local server
[Package Manager] Server::EnsureServerProcessIsRunning -- launch failed, reason: Unity was launched with the -noUpm command-line argument
[Package Manager] UpmClient::Send -- Unable to send message (not connected to UPM process).
[Package Manager] Cannot connect to Unity Package Manager local server
- Finished resetting the current domain, in  3.597 seconds
Domain Reload Profiling: 4548ms
	BeginReloadAssembly (197ms)
		ExecutionOrderSort (0ms)
		DisableScriptedObjects (7ms)
		BackupInstance (0ms)
		ReleaseScriptingObjects (0ms)
		CreateAndSetChildDomain (24ms)
	RebuildCommonClasses (44ms)
	RebuildNativeTypeToScriptingClass (12ms)
	initialDomainReloadingComplete (56ms)
	LoadAllAssembliesAndSetupDomain (640ms)
		LoadAssemblies (520ms)
		RebuildTransferFunctionScriptingTraits (0ms)
		AnalyzeDomain (241ms)
			TypeCache.Refresh (205ms)
				TypeCache.ScanAssembly (182ms)
			ScanForSourceGeneratedMonoScriptInfo (28ms)
			ResolveRequiredComponents (8ms)
	FinalizeReload (3598ms)
		ReleaseScriptCaches (0ms)
		RebuildScriptCaches (0ms)
		SetupLoadedEditorAssemblies (3406ms)
			LogAssemblyErrors (0ms)
			InitializePlatformSupportModulesInManaged (11ms)
			SetLoadedEditorAssemblies (6ms)
			RefreshPlugins (0ms)
			BeforeProcessingInitializeOnLoad (130ms)
			ProcessInitializeOnLoadAttributes (798ms)
			ProcessInitializeOnLoadMethodAttributes (2443ms)
			AfterProcessingInitializeOnLoad (18ms)
			EditorAssembliesLoaded (0ms)
		ExecutionOrderSort2 (0ms)
		AwakeInstancesAfterBackupRestoration (7ms)
Launched and connected shader compiler UnityShaderCompiler.exe after 0.07 seconds
Refreshing native plugins compatible for Editor in 15.76 ms, found 4 plugins.
Preloading 2 native plugins for Editor in 0.08 ms.
Unloading 3124 Unused Serialized files (Serialized files now loaded: 0)
Unloading 142 unused Assets / (11.5 MB). Loaded Objects now: 3632.
Memory consumption went from 187.3 MB to 175.8 MB.
Total: 9.574600 ms (FindLiveObjects: 0.325900 ms CreateObjectMapping: 0.083300 ms MarkObjects: 5.167300 ms  DeleteObjects: 3.996100 ms)

AssetImportParameters requested are different than current active one (requested -> active):
  custom:video-decoder-webm-vp8: 9c59270c3fd7afecdb556c50c9e8de78 -> 
  custom:SearchIndexIgnoredProperties: e643bd26f0fe6173181afceb89e7c659 -> 
  custom:container-demuxer-ogg: 62fdf1f143b41e24485cea50d1cbac27 -> 
  custom:AudioImporter_EditorPlatform: d09bf68614088b80899f8185d706f6e7 -> 
  custom:video-decoder-ogg-theora: a1e56fd34408186e4bbccfd4996cb3dc -> 
  custom:framework-win-MediaFoundation: 216162199b28c13a410421893ffa2e32 -> 
  custom:video-encoder-webm-vp8: eb34c28f22e8b96e1ab97ce403110664 -> 
  custom:audio-decoder-ogg-vorbis: bf7c407c2cedff20999df2af8eb42d56 -> 
  custom:CustomObjectIndexerAttribute: 9a22284fe3817be447336de3de66b15e -> 
  custom:container-demuxer-webm: 4f35f7cbe854078d1ac9338744f61a02 -> 
  custom:audio-encoder-webm-vorbis: bf7c407c2cedff20999df2af8eb42d56 -> 
  custom:container-muxer-webm: aa71ff27fc2769a1b78a27578f13a17b -> 
========================================================================
Received Import Request.
  Time since last request: 701837.616825 seconds.
  path: Assets/#MARIYURI
  artifactKey: Guid(32e36373ed5408a418289f6dcafa3dfc) Importer(815301076,1909f56bfc062723c751e8b465ee728b)
Start importing Assets/#MARIYURI using Guid(32e36373ed5408a418289f6dcafa3dfc) Importer(815301076,1909f56bfc062723c751e8b465ee728b)  -> (artifact id: '0eb87b6d547a01166191184d30a3923d') in 0.004298 seconds
Number of updated asset objects reloaded before import = 0
Number of asset objects unloaded after import = 0
========================================================================
Received Import Request.
  Time since last request: 1.286887 seconds.
  path: Assets/#MARIYURI/01. ふわりんツインテール
  artifactKey: Guid(4e19859fa181d36499dded2215d4e69a) Importer(815301076,1909f56bfc062723c751e8b465ee728b)
Start importing Assets/#MARIYURI/01. ふわりんツインテール using Guid(4e19859fa181d36499dded2215d4e69a) Importer(815301076,1909f56bfc062723c751e8b465ee728b)  -> (artifact id: 'cd1d352999c4f014da2d18a93cfa9a84') in 0.000923 seconds
Number of updated asset objects reloaded before import = 0
Number of asset objects unloaded after import = 0
========================================================================
Received Import Request.
  Time since last request: 5.641298 seconds.
  path: Assets/#MARIYURI/01. ふわりんツインテール/Materials
  artifactKey: Guid(0e28e970fb742fc4b8d82c9fc9a4c9ae) Importer(815301076,1909f56bfc062723c751e8b465ee728b)
Start importing Assets/#MARIYURI/01. ふわりんツインテール/Materials using Guid(0e28e970fb742fc4b8d82c9fc9a4c9ae) Importer(815301076,1909f56bfc062723c751e8b465ee728b)  -> (artifact id: 'c2e8e86f224bd21dbde0d3beb517d6f3') in 0.000797 seconds
Number of updated asset objects reloaded before import = 0
Number of asset objects unloaded after import = 0
========================================================================
Received Import Request.
  Time since last request: 108.871209 seconds.
  path: Assets/#MARIYURI/01. ふわりんツインテール/Materials/Point Color2
  artifactKey: Guid(6ff730f1feb65254aaa1b74ece73dfeb) Importer(815301076,1909f56bfc062723c751e8b465ee728b)
Start importing Assets/#MARIYURI/01. ふわりんツインテール/Materials/Point Color2 using Guid(6ff730f1feb65254aaa1b74ece73dfeb) Importer(815301076,1909f56bfc062723c751e8b465ee728b)  -> (artifact id: '4f2dddc1c17b8dbd0f6505606cc07463') in 0.000776 seconds
Number of updated asset objects reloaded before import = 0
Number of asset objects unloaded after import = 0
========================================================================
Received Import Request.
  Time since last request: 2.769112 seconds.
  path: Assets/#MARIYURI/01. ふわりんツインテール/Materials/Point Color
  artifactKey: Guid(cb541c03cc610644a8e02be80229e1a7) Importer(815301076,1909f56bfc062723c751e8b465ee728b)
Start importing Assets/#MARIYURI/01. ふわりんツインテール/Materials/Point Color using Guid(cb541c03cc610644a8e02be80229e1a7) Importer(815301076,1909f56bfc062723c751e8b465ee728b)  -> (artifact id: 'a092ab13732d63af4b26097dd67a79d2') in 0.000460 seconds
Number of updated asset objects reloaded before import = 0
Number of asset objects unloaded after import = 0
========================================================================
Received Import Request.
  Time since last request: 283.692265 seconds.
  path: Assets/#MARIYURI/01. ふわりんツインテール/Materials/2Color Black Beige.mat
  artifactKey: Guid(6ec0b69f72e21964c8b8fe8f5a8eff64) Importer(815301076,1909f56bfc062723c751e8b465ee728b)
Start importing Assets/#MARIYURI/01. ふわりんツインテール/Materials/2Color Black Beige.mat using Guid(6ec0b69f72e21964c8b8fe8f5a8eff64) Importer(815301076,1909f56bfc062723c751e8b465ee728b)  -> (artifact id: '30f744c66ce80adda226d82c4db72ac7') in 2.106989 seconds
Number of updated asset objects reloaded before import = 0
Number of asset objects unloaded after import = 9
========================================================================
Received Import Request.
  Time since last request: 0.000025 seconds.
  path: Assets/#MARIYURI/01. ふわりんツインテール/Materials/Ivory.mat
  artifactKey: Guid(4463f9a457a5fa342897a5bba759c9fb) Importer(815301076,1909f56bfc062723c751e8b465ee728b)
Start importing Assets/#MARIYURI/01. ふわりんツインテール/Materials/Ivory.mat using Guid(4463f9a457a5fa342897a5bba759c9fb) Importer(815301076,1909f56bfc062723c751e8b465ee728b)  -> (artifact id: '7f6e5c13ee17730f21a3c35bf109dbe0') in 1.266704 seconds
Number of updated asset objects reloaded before import = 0
Number of asset objects unloaded after import = 7
========================================================================
Received Import Request.
  Time since last request: 0.000034 seconds.
  path: Assets/#MARIYURI/01. ふわりんツインテール/Materials/Pink 2.mat
  artifactKey: Guid(262f7aa6179a28b438a8886a3c6f060d) Importer(815301076,1909f56bfc062723c751e8b465ee728b)
Start importing Assets/#MARIYURI/01. ふわりんツインテール/Materials/Pink 2.mat using Guid(262f7aa6179a28b438a8886a3c6f060d) Importer(815301076,1909f56bfc062723c751e8b465ee728b)  -> (artifact id: '9804e5661e5e87e0269ae605c08aacab') in 0.037587 seconds
Number of updated asset objects reloaded before import = 0
Number of asset objects unloaded after import = 8
========================================================================
Received Import Request.
  Time since last request: 0.000077 seconds.
  path: Assets/#MARIYURI/01. ふわりんツインテール/Materials/2Color Brown Pink.mat
  artifactKey: Guid(a159569cb4b10464f97321145b5cad67) Importer(815301076,1909f56bfc062723c751e8b465ee728b)
Start importing Assets/#MARIYURI/01. ふわりんツインテール/Materials/2Color Brown Pink.mat using Guid(a159569cb4b10464f97321145b5cad67) Importer(815301076,1909f56bfc062723c751e8b465ee728b)  -> (artifact id: '839853c71691bcb75328781e9b1124b0') in 0.027126 seconds
Number of updated asset objects reloaded before import = 0
Number of asset objects unloaded after import = 9
========================================================================
Received Import Request.
  Time since last request: 0.000021 seconds.
  path: Assets/#MARIYURI/01. ふわりんツインテール/Materials/Piink 1.mat
  artifactKey: Guid(c9df8808e61d7ec4199c8996b793c855) Importer(815301076,1909f56bfc062723c751e8b465ee728b)
Start importing Assets/#MARIYURI/01. ふわりんツインテール/Materials/Piink 1.mat using Guid(c9df8808e61d7ec4199c8996b793c855) Importer(815301076,1909f56bfc062723c751e8b465ee728b)  -> (artifact id: '7ced0c6c2a8fd52e85823fee91a86279') in 0.030106 seconds
Number of updated asset objects reloaded before import = 0
Number of asset objects unloaded after import = 7
========================================================================
Received Import Request.
  Time since last request: 0.000029 seconds.
  path: Assets/#MARIYURI/01. ふわりんツインテール/Materials/Black.mat
  artifactKey: Guid(4b61c424c146bd946bd09ad513a333ff) Importer(815301076,1909f56bfc062723c751e8b465ee728b)
Start importing Assets/#MARIYURI/01. ふわりんツインテール/Materials/Black.mat using Guid(4b61c424c146bd946bd09ad513a333ff) Importer(815301076,1909f56bfc062723c751e8b465ee728b)  -> (artifact id: '521eb3ccc1ba446ceccbc87d84554684') in 0.033398 seconds
Number of updated asset objects reloaded before import = 0
Number of asset objects unloaded after import = 7
========================================================================
Received Import Request.
  Time since last request: 0.000023 seconds.
  path: Assets/#MARIYURI/01. ふわりんツインテール/Materials/Blue.mat
  artifactKey: Guid(6a2bd9dd5e4a6e743805c1870208e4dc) Importer(815301076,1909f56bfc062723c751e8b465ee728b)
Start importing Assets/#MARIYURI/01. ふわりんツインテール/Materials/Blue.mat using Guid(6a2bd9dd5e4a6e743805c1870208e4dc) Importer(815301076,1909f56bfc062723c751e8b465ee728b)  -> (artifact id: '1b24b44e294def1008e9c6e5cfb73b97') in 0.030630 seconds
Number of updated asset objects reloaded before import = 0
Number of asset objects unloaded after import = 8
========================================================================
Received Import Request.
  Time since last request: 0.000029 seconds.
  path: Assets/#MARIYURI/01. ふわりんツインテール/Materials/Navy.mat
  artifactKey: Guid(e33a59e2783e5c44998318bb48071696) Importer(815301076,1909f56bfc062723c751e8b465ee728b)
Start importing Assets/#MARIYURI/01. ふわりんツインテール/Materials/Navy.mat using Guid(e33a59e2783e5c44998318bb48071696) Importer(815301076,1909f56bfc062723c751e8b465ee728b)  -> (artifact id: 'dcc6200316edd9fcc1dd688253c43308') in 0.030057 seconds
Number of updated asset objects reloaded before import = 0
Number of asset objects unloaded after import = 7
========================================================================
Received Import Request.
  Time since last request: 0.000025 seconds.
  path: Assets/#MARIYURI/01. ふわりんツインテール/Materials/White.mat
  artifactKey: Guid(eeddb86ee1920ea459641f31b0fc238d) Importer(815301076,1909f56bfc062723c751e8b465ee728b)
Start importing Assets/#MARIYURI/01. ふわりんツインテール/Materials/White.mat using Guid(eeddb86ee1920ea459641f31b0fc238d) Importer(815301076,1909f56bfc062723c751e8b465ee728b)  -> (artifact id: 'e98b967e2eaea4cb78a52ad9e77ea8f2') in 1.116029 seconds
Number of updated asset objects reloaded before import = 0
Number of asset objects unloaded after import = 7
========================================================================
Received Import Request.
  Time since last request: 0.000039 seconds.
  path: Assets/#MARIYURI/01. ふわりんツインテール/Materials/Purple 2.mat
  artifactKey: Guid(3e7f369721fec2647af368e68c0d2fed) Importer(815301076,1909f56bfc062723c751e8b465ee728b)
Start importing Assets/#MARIYURI/01. ふわりんツインテール/Materials/Purple 2.mat using Guid(3e7f369721fec2647af368e68c0d2fed) Importer(815301076,1909f56bfc062723c751e8b465ee728b)  -> (artifact id: '8e573bf0395567d41aff2d82364d1799') in 0.027267 seconds
Number of updated asset objects reloaded before import = 0
Number of asset objects unloaded after import = 8
========================================================================
Received Import Request.
  Time since last request: 0.000037 seconds.
  path: Assets/#MARIYURI/01. ふわりんツインテール/Materials/Beige.mat
  artifactKey: Guid(7903e25f1390647409f8448e0c69ca41) Importer(815301076,1909f56bfc062723c751e8b465ee728b)
Start importing Assets/#MARIYURI/01. ふわりんツインテール/Materials/Beige.mat using Guid(7903e25f1390647409f8448e0c69ca41) Importer(815301076,1909f56bfc062723c751e8b465ee728b)  -> (artifact id: '61d8d8eeaacb21d3999f446717f19ba3') in 0.026509 seconds
Number of updated asset objects reloaded before import = 0
Number of asset objects unloaded after import = 7
========================================================================
Received Import Request.
  Time since last request: 0.000025 seconds.
  path: Assets/#MARIYURI/01. ふわりんツインテール/Materials/Brown.mat
  artifactKey: Guid(f5a61e757f1488b45aa62c3d0b4f83f5) Importer(815301076,1909f56bfc062723c751e8b465ee728b)
Start importing Assets/#MARIYURI/01. ふわりんツインテール/Materials/Brown.mat using Guid(f5a61e757f1488b45aa62c3d0b4f83f5) Importer(815301076,1909f56bfc062723c751e8b465ee728b)  -> (artifact id: '9138051eced3543df2c14d3411d5e085') in 1.326908 seconds
Number of updated asset objects reloaded before import = 0
Number of asset objects unloaded after import = 7
