Using pre-set license
Built from '2022.3/staging' branch; Version is '2022.3.22f1 (887be4894c44) revision 8944612'; Using compiler version '192829333'; Build Type 'Release'
OS: 'Windows 10  (10.0.19045) 64bit Professional' Language: 'en' Physical Memory: 32690 MB
BatchMode: 1, IsHumanControllingUs: 0, StartBugReporterOnCrash: 0, Is64bit: 1, IsPro: 1

COMMAND LINE ARGUMENTS:
C:\Program Files\Unity\Hub\Editor\2022.3.22f1\Editor\Unity.exe
-adb2
-batchMode
-noUpm
-name
AssetImportWorker2
-projectPath
C:/Users/kroye/Documents/GitHub/VRchatChars/Lime
-logFile
Logs/AssetImportWorker2.log
-srvPort
63094
Successfully changed project path to: C:/Users/kroye/Documents/GitHub/VRchatChars/Lime
C:/Users/kroye/Documents/GitHub/VRchatChars/Lime
[UnityMemory] Configuration Parameters - Can be set up in boot.config
    "memorysetup-bucket-allocator-granularity=16"
    "memorysetup-bucket-allocator-bucket-count=8"
    "memorysetup-bucket-allocator-block-size=33554432"
    "memorysetup-bucket-allocator-block-count=8"
    "memorysetup-main-allocator-block-size=16777216"
    "memorysetup-thread-allocator-block-size=16777216"
    "memorysetup-gfx-main-allocator-block-size=16777216"
    "memorysetup-gfx-thread-allocator-block-size=16777216"
    "memorysetup-cache-allocator-block-size=4194304"
    "memorysetup-typetree-allocator-block-size=2097152"
    "memorysetup-profiler-bucket-allocator-granularity=16"
    "memorysetup-profiler-bucket-allocator-bucket-count=8"
    "memorysetup-profiler-bucket-allocator-block-size=33554432"
    "memorysetup-profiler-bucket-allocator-block-count=8"
    "memorysetup-profiler-allocator-block-size=16777216"
    "memorysetup-profiler-editor-allocator-block-size=1048576"
    "memorysetup-temp-allocator-size-main=16777216"
    "memorysetup-job-temp-allocator-block-size=2097152"
    "memorysetup-job-temp-allocator-block-size-background=1048576"
    "memorysetup-job-temp-allocator-reduction-small-platforms=262144"
    "memorysetup-allocator-temp-initial-block-size-main=262144"
    "memorysetup-allocator-temp-initial-block-size-worker=262144"
    "memorysetup-temp-allocator-size-background-worker=32768"
    "memorysetup-temp-allocator-size-job-worker=262144"
    "memorysetup-temp-allocator-size-preload-manager=33554432"
    "memorysetup-temp-allocator-size-nav-mesh-worker=65536"
    "memorysetup-temp-allocator-size-audio-worker=65536"
    "memorysetup-temp-allocator-size-cloud-worker=32768"
    "memorysetup-temp-allocator-size-gi-baking-worker=262144"
    "memorysetup-temp-allocator-size-gfx=262144"
Player connection [31332] Host "[IP] 192.168.0.68 [Port] 0 [Flags] 2 [Guid] 840617722 [EditorId] 840617722 [Version] 1048832 [Id] WindowsEditor(7,W10-5800X3D-4070S-JUN24) [Debug] 1 [PackageName] WindowsEditor [ProjectName] Editor" joined multi-casting on [225.0.0.222:54997]...

Player connection [31332] Host "[IP] 192.168.0.68 [Port] 0 [Flags] 2 [Guid] 840617722 [EditorId] 840617722 [Version] 1048832 [Id] WindowsEditor(7,W10-5800X3D-4070S-JUN24) [Debug] 1 [PackageName] WindowsEditor [ProjectName] Editor" joined alternative multi-casting on [225.0.0.222:34997]...

[Physics::Module] Initialized MultithreadedJobDispatcher with 15 workers.
Refreshing native plugins compatible for Editor in 27.30 ms, found 4 plugins.
Preloading 2 native plugins for Editor in 0.76 ms.
Initialize engine version: 2022.3.22f1 (887be4894c44)
[Subsystems] Discovering subsystems at path C:/Program Files/Unity/Hub/Editor/2022.3.22f1/Editor/Data/Resources/UnitySubsystems
[Subsystems] Discovering subsystems at path C:/Users/kroye/Documents/GitHub/VRchatChars/Lime/Assets
GfxDevice: creating device client; threaded=0; jobified=0
Direct3D:
    Version:  Direct3D 11.0 [level 11.1]
    Renderer: NVIDIA GeForce RTX 4070 SUPER (ID=0x2783)
    Vendor:   NVIDIA
    VRAM:     11999 MB
    Driver:   32.0.15.6590
Initialize mono
Mono path[0] = 'C:/Program Files/Unity/Hub/Editor/2022.3.22f1/Editor/Data/Managed'
Mono path[1] = 'C:/Program Files/Unity/Hub/Editor/2022.3.22f1/Editor/Data/MonoBleedingEdge/lib/mono/unityjit-win32'
Mono config path = 'C:/Program Files/Unity/Hub/Editor/2022.3.22f1/Editor/Data/MonoBleedingEdge/etc'
Using monoOptions --debugger-agent=transport=dt_socket,embedding=1,server=y,suspend=n,address=127.0.0.1:56832
Begin MonoManager ReloadAssembly
Registering precompiled unity dll's ...
Register platform support module: C:/Program Files/Unity/Hub/Editor/2022.3.22f1/Editor/Data/PlaybackEngines/WindowsStandaloneSupport/UnityEditor.WindowsStandalone.Extensions.dll
Register platform support module: C:/Program Files/Unity/Hub/Editor/2022.3.22f1/Editor/Data/PlaybackEngines/MetroSupport/UnityEditor.UWP.Extensions.dll
Registered in 0.009515 seconds.
- Loaded All Assemblies, in  0.296 seconds
Native extension for UWP target not found
Native extension for WindowsStandalone target not found
Mono: successfully reloaded assembly
- Finished resetting the current domain, in  0.245 seconds
Domain Reload Profiling: 539ms
	BeginReloadAssembly (96ms)
		ExecutionOrderSort (0ms)
		DisableScriptedObjects (0ms)
		BackupInstance (0ms)
		ReleaseScriptingObjects (0ms)
		CreateAndSetChildDomain (1ms)
	RebuildCommonClasses (27ms)
	RebuildNativeTypeToScriptingClass (8ms)
	initialDomainReloadingComplete (52ms)
	LoadAllAssembliesAndSetupDomain (111ms)
		LoadAssemblies (94ms)
		RebuildTransferFunctionScriptingTraits (0ms)
		AnalyzeDomain (109ms)
			TypeCache.Refresh (108ms)
				TypeCache.ScanAssembly (98ms)
			ScanForSourceGeneratedMonoScriptInfo (0ms)
			ResolveRequiredComponents (0ms)
	FinalizeReload (245ms)
		ReleaseScriptCaches (0ms)
		RebuildScriptCaches (0ms)
		SetupLoadedEditorAssemblies (196ms)
			LogAssemblyErrors (0ms)
			InitializePlatformSupportModulesInManaged (9ms)
			SetLoadedEditorAssemblies (4ms)
			RefreshPlugins (0ms)
			BeforeProcessingInitializeOnLoad (2ms)
			ProcessInitializeOnLoadAttributes (136ms)
			ProcessInitializeOnLoadMethodAttributes (45ms)
			AfterProcessingInitializeOnLoad (0ms)
			EditorAssembliesLoaded (0ms)
		ExecutionOrderSort2 (0ms)
		AwakeInstancesAfterBackupRestoration (0ms)
========================================================================
Worker process is ready to serve import requests
Begin MonoManager ReloadAssembly
- Loaded All Assemblies, in  0.655 seconds
Refreshing native plugins compatible for Editor in 14.29 ms, found 4 plugins.
Native extension for UWP target not found
Native extension for WindowsStandalone target not found
Package Manager log level set to [2]
[Package Manager] Server::EnsureServerProcessIsRunning -- launch failed, reason: Unity was launched with the -noUpm command-line argument
[Package Manager] UpmClient::Send -- Unable to send message (not connected to UPM process).
[Package Manager] Cannot connect to Unity Package Manager local server
System.Reflection.TargetInvocationException: Exception has been thrown by the target of an invocation. ---> System.NullReferenceException: Object reference not set to an instance of an object
  at Unity.XR.Oculus.OculusLoader.AssetPathToAbsolutePath (System.String assetPath) [0x00040] in .\Library\PackageCache\com.unity.xr.oculus@4.2.0\Runtime\OculusLoader.cs:298 
  at Unity.XR.Oculus.OculusLoader.EditorLoadOVRPlugin () [0x0008c] in .\Library\PackageCache\com.unity.xr.oculus@4.2.0\Runtime\OculusLoader.cs:283 
  at (wrapper managed-to-native) System.Reflection.RuntimeMethodInfo.InternalInvoke(System.Reflection.RuntimeMethodInfo,object,object[],System.Exception&)
  at System.Reflection.RuntimeMethodInfo.Invoke (System.Object obj, System.Reflection.BindingFlags invokeAttr, System.Reflection.Binder binder, System.Object[] parameters, System.Globalization.CultureInfo culture) [0x0006a] in <27124aa0e30a41659b903b822b959bc7>:0 
   --- End of inner exception stack trace ---
  at System.Reflection.RuntimeMethodInfo.Invoke (System.Object obj, System.Reflection.BindingFlags invokeAttr, System.Reflection.Binder binder, System.Object[] parameters, System.Globalization.CultureInfo culture) [0x00083] in <27124aa0e30a41659b903b822b959bc7>:0 
  at System.Reflection.MethodBase.Invoke (System.Object obj, System.Object[] parameters) [0x00000] in <27124aa0e30a41659b903b822b959bc7>:0 
  at UnityEditor.EditorAssemblies.ProcessInitializeOnLoadMethodAttributes () [0x000a5] in <80a8ce1980c648dca8e68f0d8aa3b930>:0 
UnityEngine.StackTraceUtility:ExtractStackTrace ()
UnityEngine.DebugLogHandler:LogFormat (UnityEngine.LogType,UnityEngine.Object,string,object[])
UnityEngine.Logger:Log (UnityEngine.LogType,object)
UnityEngine.Debug:LogError (object)
UnityEditor.EditorAssemblies:ProcessInitializeOnLoadMethodAttributes ()

Mono: successfully reloaded assembly
[Package Manager] Server::EnsureServerProcessIsRunning -- launch failed, reason: Unity was launched with the -noUpm command-line argument
[Package Manager] UpmClient::Send -- Unable to send message (not connected to UPM process).
[Package Manager] Cannot connect to Unity Package Manager local server
[Package Manager] Server::EnsureServerProcessIsRunning -- launch failed, reason: Unity was launched with the -noUpm command-line argument
[Package Manager] UpmClient::Send -- Unable to send message (not connected to UPM process).
[Package Manager] Cannot connect to Unity Package Manager local server
- Finished resetting the current domain, in  2.268 seconds
Domain Reload Profiling: 2919ms
	BeginReloadAssembly (136ms)
		ExecutionOrderSort (0ms)
		DisableScriptedObjects (4ms)
		BackupInstance (0ms)
		ReleaseScriptingObjects (0ms)
		CreateAndSetChildDomain (18ms)
	RebuildCommonClasses (33ms)
	RebuildNativeTypeToScriptingClass (9ms)
	initialDomainReloadingComplete (38ms)
	LoadAllAssembliesAndSetupDomain (434ms)
		LoadAssemblies (362ms)
		RebuildTransferFunctionScriptingTraits (0ms)
		AnalyzeDomain (157ms)
			TypeCache.Refresh (133ms)
				TypeCache.ScanAssembly (118ms)
			ScanForSourceGeneratedMonoScriptInfo (18ms)
			ResolveRequiredComponents (6ms)
	FinalizeReload (2269ms)
		ReleaseScriptCaches (0ms)
		RebuildScriptCaches (0ms)
		SetupLoadedEditorAssemblies (2143ms)
			LogAssemblyErrors (0ms)
			InitializePlatformSupportModulesInManaged (9ms)
			SetLoadedEditorAssemblies (4ms)
			RefreshPlugins (0ms)
			BeforeProcessingInitializeOnLoad (70ms)
			ProcessInitializeOnLoadAttributes (461ms)
			ProcessInitializeOnLoadMethodAttributes (1591ms)
			AfterProcessingInitializeOnLoad (7ms)
			EditorAssembliesLoaded (0ms)
		ExecutionOrderSort2 (0ms)
		AwakeInstancesAfterBackupRestoration (7ms)
Launched and connected shader compiler UnityShaderCompiler.exe after 0.06 seconds
Refreshing native plugins compatible for Editor in 22.54 ms, found 4 plugins.
Preloading 2 native plugins for Editor in 0.44 ms.
Unloading 3124 Unused Serialized files (Serialized files now loaded: 0)
Unloading 142 unused Assets / (11.5 MB). Loaded Objects now: 3632.
Memory consumption went from 185.7 MB to 174.2 MB.
Total: 10.431400 ms (FindLiveObjects: 0.345300 ms CreateObjectMapping: 0.134700 ms MarkObjects: 5.988400 ms  DeleteObjects: 3.962400 ms)

AssetImportParameters requested are different than current active one (requested -> active):
  custom:video-decoder-webm-vp8: 9c59270c3fd7afecdb556c50c9e8de78 -> 
  custom:SearchIndexIgnoredProperties: e643bd26f0fe6173181afceb89e7c659 -> 
  custom:container-demuxer-ogg: 62fdf1f143b41e24485cea50d1cbac27 -> 
  custom:AudioImporter_EditorPlatform: d09bf68614088b80899f8185d706f6e7 -> 
  custom:video-decoder-ogg-theora: a1e56fd34408186e4bbccfd4996cb3dc -> 
  custom:framework-win-MediaFoundation: 216162199b28c13a410421893ffa2e32 -> 
  custom:video-encoder-webm-vp8: eb34c28f22e8b96e1ab97ce403110664 -> 
  custom:audio-decoder-ogg-vorbis: bf7c407c2cedff20999df2af8eb42d56 -> 
  custom:CustomObjectIndexerAttribute: 9a22284fe3817be447336de3de66b15e -> 
  custom:container-demuxer-webm: 4f35f7cbe854078d1ac9338744f61a02 -> 
  custom:audio-encoder-webm-vorbis: bf7c407c2cedff20999df2af8eb42d56 -> 
  custom:container-muxer-webm: aa71ff27fc2769a1b78a27578f13a17b -> 
========================================================================
Received Import Request.
  Time since last request: 118521.722781 seconds.
  path: Assets/Amatousagi/Lime/Animation/Expression/Lime_EXMenu_kisekae.asset
  artifactKey: Guid(bb4ec113df779f04bb3038b1a3f44cfe) Importer(815301076,1909f56bfc062723c751e8b465ee728b)
Start importing Assets/Amatousagi/Lime/Animation/Expression/Lime_EXMenu_kisekae.asset using Guid(bb4ec113df779f04bb3038b1a3f44cfe) Importer(815301076,1909f56bfc062723c751e8b465ee728b)  -> (artifact id: 'f8f21fe61160df133f55a33b17b353a7') in 0.030138 seconds
Number of updated asset objects reloaded before import = 0
Number of asset objects unloaded after import = 20
========================================================================
Received Import Request.
  Time since last request: 0.000020 seconds.
  path: Assets/Amatousagi/Lime/Animation/Expression/Lime_EXMenu.asset
  artifactKey: Guid(a187e62cf3226844d98c05ef1b781c1a) Importer(815301076,1909f56bfc062723c751e8b465ee728b)
Start importing Assets/Amatousagi/Lime/Animation/Expression/Lime_EXMenu.asset using Guid(a187e62cf3226844d98c05ef1b781c1a) Importer(815301076,1909f56bfc062723c751e8b465ee728b)  -> (artifact id: '381dfd895d086007d5c7fd857b7d4535') in 0.016652 seconds
Number of updated asset objects reloaded before import = 0
Number of asset objects unloaded after import = 25
========================================================================
Received Import Request.
  Time since last request: 0.000011 seconds.
  path: Assets/Amatousagi/Lime/Animation/Expression
  artifactKey: Guid(7a866bf8d0fd1be4d9c28f9c1cbbf67b) Importer(815301076,1909f56bfc062723c751e8b465ee728b)
Start importing Assets/Amatousagi/Lime/Animation/Expression using Guid(7a866bf8d0fd1be4d9c28f9c1cbbf67b) Importer(815301076,1909f56bfc062723c751e8b465ee728b)  -> (artifact id: '4685452f9171e8eb3e967615715b8667') in 0.000448 seconds
Number of updated asset objects reloaded before import = 0
Number of asset objects unloaded after import = 0
========================================================================
Received Import Request.
  Time since last request: 0.000119 seconds.
  path: Assets/Amatousagi/Lime/Animation/Expression/Lime_CostumeMenu.asset
  artifactKey: Guid(7d93fb175f74a454992d17477599d26c) Importer(815301076,1909f56bfc062723c751e8b465ee728b)
Start importing Assets/Amatousagi/Lime/Animation/Expression/Lime_CostumeMenu.asset using Guid(7d93fb175f74a454992d17477599d26c) Importer(815301076,1909f56bfc062723c751e8b465ee728b)  -> (artifact id: 'a52fa77c50a5748031fe883ae960ed44') in 0.002450 seconds
Number of updated asset objects reloaded before import = 0
Number of asset objects unloaded after import = 5
========================================================================
Received Import Request.
  Time since last request: 0.000012 seconds.
  path: Assets/Amatousagi/Lime/Animation/Expression/Lime_FacialMenu_2.asset
  artifactKey: Guid(e747f54fa0d289c44911c6c553caab83) Importer(815301076,1909f56bfc062723c751e8b465ee728b)
Start importing Assets/Amatousagi/Lime/Animation/Expression/Lime_FacialMenu_2.asset using Guid(e747f54fa0d289c44911c6c553caab83) Importer(815301076,1909f56bfc062723c751e8b465ee728b)  -> (artifact id: '300e73cc7a1992f1ad4d95494f8409e0') in 0.006804 seconds
Number of updated asset objects reloaded before import = 0
Number of asset objects unloaded after import = 7
========================================================================
Received Import Request.
  Time since last request: 0.000009 seconds.
  path: Assets/Amatousagi/Lime/Animation/Expression/Lime_FacialMenu_1.asset
  artifactKey: Guid(fd56d835cb7820f4ea92303e30a213ae) Importer(815301076,1909f56bfc062723c751e8b465ee728b)
Start importing Assets/Amatousagi/Lime/Animation/Expression/Lime_FacialMenu_1.asset using Guid(fd56d835cb7820f4ea92303e30a213ae) Importer(815301076,1909f56bfc062723c751e8b465ee728b)  -> (artifact id: 'ed16884fb41f461cfe0dbfaacee9dc83') in 0.002812 seconds
Number of updated asset objects reloaded before import = 0
Number of asset objects unloaded after import = 7
========================================================================
Received Import Request.
  Time since last request: 26.829539 seconds.
  path: Assets/GoGo/GoLoco/MainMenu/GoAllParameters.asset
  artifactKey: Guid(6ce7211da2038b64a99f63a070b15b30) Importer(815301076,1909f56bfc062723c751e8b465ee728b)
Start importing Assets/GoGo/GoLoco/MainMenu/GoAllParameters.asset using Guid(6ce7211da2038b64a99f63a070b15b30) Importer(815301076,1909f56bfc062723c751e8b465ee728b)  -> (artifact id: 'd919cc279c72348cb57207568ae920c6') in 0.001217 seconds
Number of updated asset objects reloaded before import = 0
Number of asset objects unloaded after import = 1
========================================================================
Received Import Request.
  Time since last request: 0.000011 seconds.
  path: Assets/GoGo/GoModel/GoBone/VRCExpressionParameters.asset
  artifactKey: Guid(67be67c72b2007749bf719294213953e) Importer(815301076,1909f56bfc062723c751e8b465ee728b)
Start importing Assets/GoGo/GoModel/GoBone/VRCExpressionParameters.asset using Guid(67be67c72b2007749bf719294213953e) Importer(815301076,1909f56bfc062723c751e8b465ee728b)  -> (artifact id: '41c1310507a0edaee324827758ab0a69') in 0.000873 seconds
Number of updated asset objects reloaded before import = 0
Number of asset objects unloaded after import = 1
========================================================================
Received Import Request.
  Time since last request: 59.732219 seconds.
  path: Assets/Amatousagi/Lime/Animation/Expression/Lime_EXMenu_kisekae.asset
  artifactKey: Guid(bb4ec113df779f04bb3038b1a3f44cfe) Importer(815301076,1909f56bfc062723c751e8b465ee728b)
Start importing Assets/Amatousagi/Lime/Animation/Expression/Lime_EXMenu_kisekae.asset using Guid(bb4ec113df779f04bb3038b1a3f44cfe) Importer(815301076,1909f56bfc062723c751e8b465ee728b)  -> (artifact id: 'f702044a2c8379063ce2f6a18bbdf01e') in 0.006804 seconds
Number of updated asset objects reloaded before import = 0
Number of asset objects unloaded after import = 20
